<?xml version="1.0" encoding="UTF-8"?>
<testsuites name="TS-Login" time="119.891" tests="3" failures="1" errors="0">
   <testsuite name="TS-Login" tests="3" failures="1" errors="0" time="119.891" skipped="0" timestamp="2023-06-24 23:09:51" hostname="mitapitriaheni - 192.168.1.104" id="Test Suites/TS-Login">
      <properties>
         <property name="deviceName" value=""/>
         <property name="devicePlatform" value=""/>
         <property name="logFolder" value="/Users/mitapitriaheni/git/test-msbu/Reports/20230624_230936/TS-Login/20230624_230937"/>
         <property name="logFiles" value="/Users/mitapitriaheni/git/test-msbu/Reports/20230624_230936/TS-Login/20230624_230937/execution0.log"/>
         <property name="attachments" value="/Users/mitapitriaheni/git/test-msbu/Reports/20230624_230936/TS-Login/20230624_230937/1687623109444.png"/>
         <property name="hostName" value="mitapitriaheni - 192.168.1.104"/>
         <property name="os" value="Mac OS X 64bit"/>
         <property name="katalonVersion" value="8.6.5.208"/>
         <property name="browser" value="Chrome 114.0.0.0"/>
         <property name="hostAddress" value="192.168.1.104"/>
         <property name="sessionId" value="5a0f70a13175861f317e73475bb31da8"/>
         <property name="seleniumVersion" value="3.141.59"/>
         <property name="proxyInformation" value="ProxyInformation { proxyOption=NO_PROXY, proxyServerType=HTTP, username=, password=********, proxyServerAddress=, proxyServerPort=0, executionList=&quot;&quot;, isApplyToDesiredCapabilities=true }"/>
         <property name="platform" value="Mac OS X"/>
      </properties>
      <testcase name="Test Cases/SC-Login-Logout/TC01-login-success" time="38.256" classname="Test Cases/SC-Login-Logout/TC01-login-success" status="PASSED">
         <system-out><![CDATA[2023-06-24 23:09:51 - [TEST_CASE][PASSED] - Test Cases/SC-Login-Logout/TC01-login-success: Test Cases/SC-Login-Logout/TC01-login-success

2023-06-24 23:09:51 - [TEST_STEP][PASSED] - try: Object 'Object Repository/Page_CURA Healthcare Service/make_appointment_page/labelMakeAppointment' is present

2023-06-24 23:09:51 - [TEST_STEP][PASSED] - callTestCase(findTestCase("step-login"), [:], STOP_ON_FAILURE): Call Test Case 'Test Cases/step-login' successfully

2023-06-24 23:09:51 - [TEST_CASE][PASSED] - Test Cases/step-login: Test Cases/step-login

2023-06-24 23:09:51 - [TEST_STEP][PASSED] - openBrowser(""): Browser is opened with url: ''

2023-06-24 23:09:52 - [MESSAGE][INFO] - Starting 'Chrome' driver

2023-06-24 23:09:52 - [MESSAGE][INFO] - Action delay is set to 0 milliseconds

2023-06-24 23:09:54 - [MESSAGE][PASSED] - Browser is opened with url: ''

2023-06-24 23:09:54 - [TEST_STEP][PASSED] - navigateToUrl(URL): Navigate to 'https://katalon-demo-cura.herokuapp.com/' successfully

2023-06-24 23:10:23 - [MESSAGE][PASSED] - Navigate to 'https://katalon-demo-cura.herokuapp.com/' successfully

2023-06-24 23:10:23 - [TEST_STEP][PASSED] - waitForElementPresent(findTestObject("Page_CURA Healthcare Service/home_page/labelCURAHealthcareService"), 0): Object 'Object Repository/Page_CURA Healthcare Service/home_page/labelCURAHealthcareService' is present

2023-06-24 23:10:23 - [MESSAGE][WARNING] - Timeout '0' is invalid. Using default page load timeout: '30'

2023-06-24 23:10:24 - [MESSAGE][PASSED] - Object 'Object Repository/Page_CURA Healthcare Service/home_page/labelCURAHealthcareService' is present

2023-06-24 23:10:24 - [TEST_STEP][PASSED] - waitForElementPresent(findTestObject("Page_CURA Healthcare Service/home_page/labelWeCareAboutYourHealth"), 0): Object 'Object Repository/Page_CURA Healthcare Service/home_page/labelWeCareAboutYourHealth' is present

2023-06-24 23:10:24 - [MESSAGE][WARNING] - Timeout '0' is invalid. Using default page load timeout: '30'

2023-06-24 23:10:24 - [MESSAGE][PASSED] - Object 'Object Repository/Page_CURA Healthcare Service/home_page/labelWeCareAboutYourHealth' is present

2023-06-24 23:10:24 - [TEST_STEP][PASSED] - click(findTestObject("Page_CURA Healthcare Service/home_page/buttonMenuToggle")): Object: 'Object Repository/Page_CURA Healthcare Service/home_page/buttonMenuToggle' is clicked on

2023-06-24 23:10:24 - [MESSAGE][PASSED] - Object: 'Object Repository/Page_CURA Healthcare Service/home_page/buttonMenuToggle' is clicked on

2023-06-24 23:10:24 - [TEST_STEP][PASSED] - click(findTestObject("Page_CURA Healthcare Service/home_page/hyperlinkLogin")): Object: 'Object Repository/Page_CURA Healthcare Service/home_page/hyperlinkLogin' is clicked on

2023-06-24 23:10:25 - [MESSAGE][PASSED] - Object: 'Object Repository/Page_CURA Healthcare Service/home_page/hyperlinkLogin' is clicked on

2023-06-24 23:10:25 - [TEST_STEP][PASSED] - waitForElementPresent(findTestObject("Page_CURA Healthcare Service/login_page/labelLogin"), 0): Object 'Object Repository/Page_CURA Healthcare Service/login_page/labelLogin' is present

2023-06-24 23:10:25 - [MESSAGE][WARNING] - Timeout '0' is invalid. Using default page load timeout: '30'

2023-06-24 23:10:26 - [MESSAGE][PASSED] - Object 'Object Repository/Page_CURA Healthcare Service/login_page/labelLogin' is present

2023-06-24 23:10:26 - [TEST_STEP][PASSED] - verifyElementPresent(findTestObject("Page_CURA Healthcare Service/login_page/labelPleaseLoginToMakeAppointment"), 0): Object 'Object Repository/Page_CURA Healthcare Service/login_page/labelPleaseLoginToMakeAppointment' is present

2023-06-24 23:10:26 - [MESSAGE][WARNING] - Timeout '0' is invalid. Using default page load timeout: '30'

2023-06-24 23:10:26 - [MESSAGE][PASSED] - Object 'Object Repository/Page_CURA Healthcare Service/login_page/labelPleaseLoginToMakeAppointment' is present

2023-06-24 23:10:26 - [TEST_STEP][PASSED] - verifyElementPresent(findTestObject("Page_CURA Healthcare Service/login_page/buttonLogin"), 0): Object 'Object Repository/Page_CURA Healthcare Service/login_page/buttonLogin' is present

2023-06-24 23:10:26 - [MESSAGE][WARNING] - Timeout '0' is invalid. Using default page load timeout: '30'

2023-06-24 23:10:26 - [MESSAGE][PASSED] - Object 'Object Repository/Page_CURA Healthcare Service/login_page/buttonLogin' is present

2023-06-24 23:10:26 - [TEST_STEP][PASSED] - setText(findTestObject("Object Repository/Page_CURA Healthcare Service/login_page/textfieldUsername"), username): Text 'John Doe' is set on object 'Object Repository/Page_CURA Healthcare Service/login_page/textfieldUsername'

2023-06-24 23:10:27 - [MESSAGE][PASSED] - Text 'John Doe' is set on object 'Object Repository/Page_CURA Healthcare Service/login_page/textfieldUsername'

2023-06-24 23:10:27 - [TEST_STEP][PASSED] - setEncryptedText(findTestObject("Object Repository/Page_CURA Healthcare Service/login_page/textfieldPassword"), password): Text ****** has been set on object 'Object Repository/Page_CURA Healthcare Service/login_page/textfieldPassword'

2023-06-24 23:10:27 - [MESSAGE][PASSED] - Text ****** has been set on object 'Object Repository/Page_CURA Healthcare Service/login_page/textfieldPassword'

2023-06-24 23:10:27 - [TEST_STEP][PASSED] - click(findTestObject("Object Repository/Page_CURA Healthcare Service/login_page/buttonLogin")): Object: 'Object Repository/Page_CURA Healthcare Service/login_page/buttonLogin' is clicked on

2023-06-24 23:10:28 - [MESSAGE][PASSED] - Object: 'Object Repository/Page_CURA Healthcare Service/login_page/buttonLogin' is clicked on

2023-06-24 23:10:28 - [TEST_STEP][PASSED] - verifyElementText(findTestObject("Object Repository/Page_CURA Healthcare Service/make_appointment_page/labelMakeAppointment"), "Make Appointment"): Actual text and expected text of test object 'Object Repository/Page_CURA Healthcare Service/make_appointment_page/labelMakeAppointment' are matched.

2023-06-24 23:10:29 - [MESSAGE][PASSED] - Actual text and expected text of test object 'Object Repository/Page_CURA Healthcare Service/make_appointment_page/labelMakeAppointment' are matched.

2023-06-24 23:10:29 - [MESSAGE][PASSED] - Call Test Case 'Test Cases/step-login' successfully

2023-06-24 23:10:29 - [TEST_STEP][PASSED] - waitForElementPresent(findTestObject("Object Repository/Page_CURA Healthcare Service/make_appointment_page/labelMakeAppointment"), 0): Object 'Object Repository/Page_CURA Healthcare Service/make_appointment_page/labelMakeAppointment' is present

2023-06-24 23:10:29 - [MESSAGE][WARNING] - Timeout '0' is invalid. Using default page load timeout: '30'

2023-06-24 23:10:29 - [MESSAGE][PASSED] - Object 'Object Repository/Page_CURA Healthcare Service/make_appointment_page/labelMakeAppointment' is present

2023-06-24 23:10:29 - [TEST_STEP][PASSED] - Finally: Browser is closed

2023-06-24 23:10:29 - [TEST_STEP][PASSED] - closeBrowser(): Browser is closed

2023-06-24 23:10:29 - [MESSAGE][PASSED] - Browser is closed]]></system-out>
         <system-err><![CDATA[]]></system-err>
      </testcase>
      <testcase name="Test Cases/SC-Login-Logout/TC03-login-failed" time="50.475" classname="Test Cases/SC-Login-Logout/TC03-login-failed" status="PASSED">
         <system-out><![CDATA[2023-06-24 23:10:29 - [TEST_CASE][PASSED] - Test Cases/SC-Login-Logout/TC03-login-failed: Test Cases/SC-Login-Logout/TC03-login-failed

2023-06-24 23:10:29 - [TEST_STEP][PASSED] - try: Object 'Object Repository/Page_CURA Healthcare Service/login_page/labelLoginFailed' is present

2023-06-24 23:10:29 - [TEST_STEP][PASSED] - username = "": null

2023-06-24 23:10:29 - [TEST_STEP][PASSED] - password = "g3/DOGG74jC3Flrr3yH+3D/yKbOqqUNM": null

2023-06-24 23:10:29 - [TEST_STEP][PASSED] - callTestCase(findTestCase("step-login"), [:], STOP_ON_FAILURE): Call Test Case 'Test Cases/step-login' successfully

2023-06-24 23:10:29 - [TEST_CASE][PASSED] - Test Cases/step-login: Test Cases/step-login

2023-06-24 23:10:29 - [TEST_STEP][PASSED] - openBrowser(""): Browser is opened with url: ''

2023-06-24 23:10:29 - [MESSAGE][INFO] - Starting 'Chrome' driver

2023-06-24 23:10:29 - [MESSAGE][INFO] - Action delay is set to 0 milliseconds

2023-06-24 23:10:31 - [MESSAGE][PASSED] - Browser is opened with url: ''

2023-06-24 23:10:31 - [TEST_STEP][PASSED] - navigateToUrl(URL): Navigate to 'https://katalon-demo-cura.herokuapp.com/' successfully

2023-06-24 23:10:36 - [MESSAGE][PASSED] - Navigate to 'https://katalon-demo-cura.herokuapp.com/' successfully

2023-06-24 23:10:36 - [TEST_STEP][PASSED] - waitForElementPresent(findTestObject("Page_CURA Healthcare Service/home_page/labelCURAHealthcareService"), 0): Object 'Object Repository/Page_CURA Healthcare Service/home_page/labelCURAHealthcareService' is present

2023-06-24 23:10:36 - [MESSAGE][WARNING] - Timeout '0' is invalid. Using default page load timeout: '30'

2023-06-24 23:10:37 - [MESSAGE][PASSED] - Object 'Object Repository/Page_CURA Healthcare Service/home_page/labelCURAHealthcareService' is present

2023-06-24 23:10:37 - [TEST_STEP][PASSED] - waitForElementPresent(findTestObject("Page_CURA Healthcare Service/home_page/labelWeCareAboutYourHealth"), 0): Object 'Object Repository/Page_CURA Healthcare Service/home_page/labelWeCareAboutYourHealth' is present

2023-06-24 23:10:37 - [MESSAGE][WARNING] - Timeout '0' is invalid. Using default page load timeout: '30'

2023-06-24 23:10:37 - [MESSAGE][PASSED] - Object 'Object Repository/Page_CURA Healthcare Service/home_page/labelWeCareAboutYourHealth' is present

2023-06-24 23:10:37 - [TEST_STEP][PASSED] - click(findTestObject("Page_CURA Healthcare Service/home_page/buttonMenuToggle")): Object: 'Object Repository/Page_CURA Healthcare Service/home_page/buttonMenuToggle' is clicked on

2023-06-24 23:10:37 - [MESSAGE][PASSED] - Object: 'Object Repository/Page_CURA Healthcare Service/home_page/buttonMenuToggle' is clicked on

2023-06-24 23:10:37 - [TEST_STEP][PASSED] - click(findTestObject("Page_CURA Healthcare Service/home_page/hyperlinkLogin")): Object: 'Object Repository/Page_CURA Healthcare Service/home_page/hyperlinkLogin' is clicked on

2023-06-24 23:10:38 - [MESSAGE][PASSED] - Object: 'Object Repository/Page_CURA Healthcare Service/home_page/hyperlinkLogin' is clicked on

2023-06-24 23:10:38 - [TEST_STEP][PASSED] - waitForElementPresent(findTestObject("Page_CURA Healthcare Service/login_page/labelLogin"), 0): Object 'Object Repository/Page_CURA Healthcare Service/login_page/labelLogin' is present

2023-06-24 23:10:38 - [MESSAGE][WARNING] - Timeout '0' is invalid. Using default page load timeout: '30'

2023-06-24 23:10:38 - [MESSAGE][PASSED] - Object 'Object Repository/Page_CURA Healthcare Service/login_page/labelLogin' is present

2023-06-24 23:10:38 - [TEST_STEP][PASSED] - verifyElementPresent(findTestObject("Page_CURA Healthcare Service/login_page/labelPleaseLoginToMakeAppointment"), 0): Object 'Object Repository/Page_CURA Healthcare Service/login_page/labelPleaseLoginToMakeAppointment' is present

2023-06-24 23:10:39 - [MESSAGE][WARNING] - Timeout '0' is invalid. Using default page load timeout: '30'

2023-06-24 23:10:39 - [MESSAGE][PASSED] - Object 'Object Repository/Page_CURA Healthcare Service/login_page/labelPleaseLoginToMakeAppointment' is present

2023-06-24 23:10:39 - [TEST_STEP][PASSED] - verifyElementPresent(findTestObject("Page_CURA Healthcare Service/login_page/buttonLogin"), 0): Object 'Object Repository/Page_CURA Healthcare Service/login_page/buttonLogin' is present

2023-06-24 23:10:39 - [MESSAGE][WARNING] - Timeout '0' is invalid. Using default page load timeout: '30'

2023-06-24 23:10:39 - [MESSAGE][PASSED] - Object 'Object Repository/Page_CURA Healthcare Service/login_page/buttonLogin' is present

2023-06-24 23:10:39 - [TEST_STEP][PASSED] - setText(findTestObject("Object Repository/Page_CURA Healthcare Service/login_page/textfieldUsername"), username): Text '' is set on object 'Object Repository/Page_CURA Healthcare Service/login_page/textfieldUsername'

2023-06-24 23:10:40 - [MESSAGE][PASSED] - Text '' is set on object 'Object Repository/Page_CURA Healthcare Service/login_page/textfieldUsername'

2023-06-24 23:10:40 - [TEST_STEP][PASSED] - setEncryptedText(findTestObject("Object Repository/Page_CURA Healthcare Service/login_page/textfieldPassword"), password): Text ****** has been set on object 'Object Repository/Page_CURA Healthcare Service/login_page/textfieldPassword'

2023-06-24 23:10:40 - [MESSAGE][PASSED] - Text ****** has been set on object 'Object Repository/Page_CURA Healthcare Service/login_page/textfieldPassword'

2023-06-24 23:10:40 - [TEST_STEP][PASSED] - click(findTestObject("Object Repository/Page_CURA Healthcare Service/login_page/buttonLogin")): Object: 'Object Repository/Page_CURA Healthcare Service/login_page/buttonLogin' is clicked on

2023-06-24 23:10:41 - [MESSAGE][PASSED] - Object: 'Object Repository/Page_CURA Healthcare Service/login_page/buttonLogin' is clicked on

2023-06-24 23:10:41 - [TEST_STEP][PASSED] - verifyElementText(findTestObject("Object Repository/Page_CURA Healthcare Service/make_appointment_page/labelMakeAppointment"), "Make Appointment"): Actual text and expected text of test object 'Object Repository/Page_CURA Healthcare Service/make_appointment_page/labelMakeAppointment' are matched.

2023-06-24 23:10:42 - [MESSAGE][PASSED] - Actual text and expected text of test object 'Object Repository/Page_CURA Healthcare Service/make_appointment_page/labelMakeAppointment' are matched.

2023-06-24 23:10:42 - [MESSAGE][PASSED] - Call Test Case 'Test Cases/step-login' successfully

2023-06-24 23:10:42 - [TEST_STEP][PASSED] - waitForElementPresent(findTestObject("Page_CURA Healthcare Service/login_page/labelLoginFailed"), 0): Object 'Object Repository/Page_CURA Healthcare Service/login_page/labelLoginFailed' is present

2023-06-24 23:10:42 - [MESSAGE][WARNING] - Timeout '0' is invalid. Using default page load timeout: '30'

2023-06-24 23:10:42 - [MESSAGE][PASSED] - Object 'Object Repository/Page_CURA Healthcare Service/login_page/labelLoginFailed' is present

2023-06-24 23:10:42 - [TEST_STEP][PASSED] - closeBrowser(): Browser is closed

2023-06-24 23:10:42 - [MESSAGE][PASSED] - Browser is closed

2023-06-24 23:10:42 - [TEST_STEP][PASSED] - username = "John Doe": null

2023-06-24 23:10:42 - [TEST_STEP][PASSED] - password = "": null

2023-06-24 23:10:42 - [TEST_STEP][PASSED] - callTestCase(findTestCase("step-login"), [:], STOP_ON_FAILURE): Call Test Case 'Test Cases/step-login' successfully

2023-06-24 23:10:42 - [TEST_CASE][PASSED] - Test Cases/step-login: Test Cases/step-login

2023-06-24 23:10:42 - [TEST_STEP][PASSED] - openBrowser(""): Browser is opened with url: ''

2023-06-24 23:10:42 - [MESSAGE][INFO] - Starting 'Chrome' driver

2023-06-24 23:10:42 - [MESSAGE][INFO] - Action delay is set to 0 milliseconds

2023-06-24 23:10:44 - [MESSAGE][PASSED] - Browser is opened with url: ''

2023-06-24 23:10:44 - [TEST_STEP][PASSED] - navigateToUrl(URL): Navigate to 'https://katalon-demo-cura.herokuapp.com/' successfully

2023-06-24 23:10:47 - [MESSAGE][PASSED] - Navigate to 'https://katalon-demo-cura.herokuapp.com/' successfully

2023-06-24 23:10:47 - [TEST_STEP][PASSED] - waitForElementPresent(findTestObject("Page_CURA Healthcare Service/home_page/labelCURAHealthcareService"), 0): Object 'Object Repository/Page_CURA Healthcare Service/home_page/labelCURAHealthcareService' is present

2023-06-24 23:10:47 - [MESSAGE][WARNING] - Timeout '0' is invalid. Using default page load timeout: '30'

2023-06-24 23:10:47 - [MESSAGE][PASSED] - Object 'Object Repository/Page_CURA Healthcare Service/home_page/labelCURAHealthcareService' is present

2023-06-24 23:10:47 - [TEST_STEP][PASSED] - waitForElementPresent(findTestObject("Page_CURA Healthcare Service/home_page/labelWeCareAboutYourHealth"), 0): Object 'Object Repository/Page_CURA Healthcare Service/home_page/labelWeCareAboutYourHealth' is present

2023-06-24 23:10:47 - [MESSAGE][WARNING] - Timeout '0' is invalid. Using default page load timeout: '30'

2023-06-24 23:10:48 - [MESSAGE][PASSED] - Object 'Object Repository/Page_CURA Healthcare Service/home_page/labelWeCareAboutYourHealth' is present

2023-06-24 23:10:48 - [TEST_STEP][PASSED] - click(findTestObject("Page_CURA Healthcare Service/home_page/buttonMenuToggle")): Object: 'Object Repository/Page_CURA Healthcare Service/home_page/buttonMenuToggle' is clicked on

2023-06-24 23:10:48 - [MESSAGE][PASSED] - Object: 'Object Repository/Page_CURA Healthcare Service/home_page/buttonMenuToggle' is clicked on

2023-06-24 23:10:48 - [TEST_STEP][PASSED] - click(findTestObject("Page_CURA Healthcare Service/home_page/hyperlinkLogin")): Object: 'Object Repository/Page_CURA Healthcare Service/home_page/hyperlinkLogin' is clicked on

2023-06-24 23:10:49 - [MESSAGE][PASSED] - Object: 'Object Repository/Page_CURA Healthcare Service/home_page/hyperlinkLogin' is clicked on

2023-06-24 23:10:49 - [TEST_STEP][PASSED] - waitForElementPresent(findTestObject("Page_CURA Healthcare Service/login_page/labelLogin"), 0): Object 'Object Repository/Page_CURA Healthcare Service/login_page/labelLogin' is present

2023-06-24 23:10:49 - [MESSAGE][WARNING] - Timeout '0' is invalid. Using default page load timeout: '30'

2023-06-24 23:10:49 - [MESSAGE][PASSED] - Object 'Object Repository/Page_CURA Healthcare Service/login_page/labelLogin' is present

2023-06-24 23:10:49 - [TEST_STEP][PASSED] - verifyElementPresent(findTestObject("Page_CURA Healthcare Service/login_page/labelPleaseLoginToMakeAppointment"), 0): Object 'Object Repository/Page_CURA Healthcare Service/login_page/labelPleaseLoginToMakeAppointment' is present

2023-06-24 23:10:49 - [MESSAGE][WARNING] - Timeout '0' is invalid. Using default page load timeout: '30'

2023-06-24 23:10:50 - [MESSAGE][PASSED] - Object 'Object Repository/Page_CURA Healthcare Service/login_page/labelPleaseLoginToMakeAppointment' is present

2023-06-24 23:10:50 - [TEST_STEP][PASSED] - verifyElementPresent(findTestObject("Page_CURA Healthcare Service/login_page/buttonLogin"), 0): Object 'Object Repository/Page_CURA Healthcare Service/login_page/buttonLogin' is present

2023-06-24 23:10:50 - [MESSAGE][WARNING] - Timeout '0' is invalid. Using default page load timeout: '30'

2023-06-24 23:10:50 - [MESSAGE][PASSED] - Object 'Object Repository/Page_CURA Healthcare Service/login_page/buttonLogin' is present

2023-06-24 23:10:50 - [TEST_STEP][PASSED] - setText(findTestObject("Object Repository/Page_CURA Healthcare Service/login_page/textfieldUsername"), username): Text 'John Doe' is set on object 'Object Repository/Page_CURA Healthcare Service/login_page/textfieldUsername'

2023-06-24 23:10:51 - [MESSAGE][PASSED] - Text 'John Doe' is set on object 'Object Repository/Page_CURA Healthcare Service/login_page/textfieldUsername'

2023-06-24 23:10:51 - [TEST_STEP][PASSED] - setEncryptedText(findTestObject("Object Repository/Page_CURA Healthcare Service/login_page/textfieldPassword"), password): Text ****** has been set on object 'Object Repository/Page_CURA Healthcare Service/login_page/textfieldPassword'

2023-06-24 23:10:51 - [MESSAGE][PASSED] - Text ****** has been set on object 'Object Repository/Page_CURA Healthcare Service/login_page/textfieldPassword'

2023-06-24 23:10:51 - [TEST_STEP][PASSED] - click(findTestObject("Object Repository/Page_CURA Healthcare Service/login_page/buttonLogin")): Object: 'Object Repository/Page_CURA Healthcare Service/login_page/buttonLogin' is clicked on

2023-06-24 23:10:52 - [MESSAGE][PASSED] - Object: 'Object Repository/Page_CURA Healthcare Service/login_page/buttonLogin' is clicked on

2023-06-24 23:10:52 - [TEST_STEP][PASSED] - verifyElementText(findTestObject("Object Repository/Page_CURA Healthcare Service/make_appointment_page/labelMakeAppointment"), "Make Appointment"): Actual text and expected text of test object 'Object Repository/Page_CURA Healthcare Service/make_appointment_page/labelMakeAppointment' are matched.

2023-06-24 23:10:53 - [MESSAGE][PASSED] - Actual text and expected text of test object 'Object Repository/Page_CURA Healthcare Service/make_appointment_page/labelMakeAppointment' are matched.

2023-06-24 23:10:53 - [MESSAGE][PASSED] - Call Test Case 'Test Cases/step-login' successfully

2023-06-24 23:10:53 - [TEST_STEP][PASSED] - waitForElementPresent(findTestObject("Page_CURA Healthcare Service/login_page/labelLoginFailed"), 0): Object 'Object Repository/Page_CURA Healthcare Service/login_page/labelLoginFailed' is present

2023-06-24 23:10:53 - [MESSAGE][WARNING] - Timeout '0' is invalid. Using default page load timeout: '30'

2023-06-24 23:10:53 - [MESSAGE][PASSED] - Object 'Object Repository/Page_CURA Healthcare Service/login_page/labelLoginFailed' is present

2023-06-24 23:10:53 - [TEST_STEP][PASSED] - closeBrowser(): Browser is closed

2023-06-24 23:10:53 - [MESSAGE][PASSED] - Browser is closed

2023-06-24 23:10:53 - [TEST_STEP][PASSED] - username = "popo": null

2023-06-24 23:10:53 - [TEST_STEP][PASSED] - password = "g3/DOGG74jC3Flrr3yH+3D/yKbOqqUNM": null

2023-06-24 23:10:53 - [TEST_STEP][PASSED] - callTestCase(findTestCase("step-login"), [:], STOP_ON_FAILURE): Call Test Case 'Test Cases/step-login' successfully

2023-06-24 23:10:53 - [TEST_CASE][PASSED] - Test Cases/step-login: Test Cases/step-login

2023-06-24 23:10:53 - [TEST_STEP][PASSED] - openBrowser(""): Browser is opened with url: ''

2023-06-24 23:10:53 - [MESSAGE][INFO] - Starting 'Chrome' driver

2023-06-24 23:10:53 - [MESSAGE][INFO] - Action delay is set to 0 milliseconds

2023-06-24 23:10:54 - [MESSAGE][PASSED] - Browser is opened with url: ''

2023-06-24 23:10:54 - [TEST_STEP][PASSED] - navigateToUrl(URL): Navigate to 'https://katalon-demo-cura.herokuapp.com/' successfully

2023-06-24 23:11:00 - [MESSAGE][PASSED] - Navigate to 'https://katalon-demo-cura.herokuapp.com/' successfully

2023-06-24 23:11:00 - [TEST_STEP][PASSED] - waitForElementPresent(findTestObject("Page_CURA Healthcare Service/home_page/labelCURAHealthcareService"), 0): Object 'Object Repository/Page_CURA Healthcare Service/home_page/labelCURAHealthcareService' is present

2023-06-24 23:11:00 - [MESSAGE][WARNING] - Timeout '0' is invalid. Using default page load timeout: '30'

2023-06-24 23:11:00 - [MESSAGE][PASSED] - Object 'Object Repository/Page_CURA Healthcare Service/home_page/labelCURAHealthcareService' is present

2023-06-24 23:11:00 - [TEST_STEP][PASSED] - waitForElementPresent(findTestObject("Page_CURA Healthcare Service/home_page/labelWeCareAboutYourHealth"), 0): Object 'Object Repository/Page_CURA Healthcare Service/home_page/labelWeCareAboutYourHealth' is present

2023-06-24 23:11:00 - [MESSAGE][WARNING] - Timeout '0' is invalid. Using default page load timeout: '30'

2023-06-24 23:11:01 - [MESSAGE][PASSED] - Object 'Object Repository/Page_CURA Healthcare Service/home_page/labelWeCareAboutYourHealth' is present

2023-06-24 23:11:01 - [TEST_STEP][PASSED] - click(findTestObject("Page_CURA Healthcare Service/home_page/buttonMenuToggle")): Object: 'Object Repository/Page_CURA Healthcare Service/home_page/buttonMenuToggle' is clicked on

2023-06-24 23:11:01 - [MESSAGE][PASSED] - Object: 'Object Repository/Page_CURA Healthcare Service/home_page/buttonMenuToggle' is clicked on

2023-06-24 23:11:01 - [TEST_STEP][PASSED] - click(findTestObject("Page_CURA Healthcare Service/home_page/hyperlinkLogin")): Object: 'Object Repository/Page_CURA Healthcare Service/home_page/hyperlinkLogin' is clicked on

2023-06-24 23:11:02 - [MESSAGE][PASSED] - Object: 'Object Repository/Page_CURA Healthcare Service/home_page/hyperlinkLogin' is clicked on

2023-06-24 23:11:02 - [TEST_STEP][PASSED] - waitForElementPresent(findTestObject("Page_CURA Healthcare Service/login_page/labelLogin"), 0): Object 'Object Repository/Page_CURA Healthcare Service/login_page/labelLogin' is present

2023-06-24 23:11:03 - [MESSAGE][WARNING] - Timeout '0' is invalid. Using default page load timeout: '30'

2023-06-24 23:11:03 - [MESSAGE][PASSED] - Object 'Object Repository/Page_CURA Healthcare Service/login_page/labelLogin' is present

2023-06-24 23:11:03 - [TEST_STEP][PASSED] - verifyElementPresent(findTestObject("Page_CURA Healthcare Service/login_page/labelPleaseLoginToMakeAppointment"), 0): Object 'Object Repository/Page_CURA Healthcare Service/login_page/labelPleaseLoginToMakeAppointment' is present

2023-06-24 23:11:03 - [MESSAGE][WARNING] - Timeout '0' is invalid. Using default page load timeout: '30'

2023-06-24 23:11:03 - [MESSAGE][PASSED] - Object 'Object Repository/Page_CURA Healthcare Service/login_page/labelPleaseLoginToMakeAppointment' is present

2023-06-24 23:11:03 - [TEST_STEP][PASSED] - verifyElementPresent(findTestObject("Page_CURA Healthcare Service/login_page/buttonLogin"), 0): Object 'Object Repository/Page_CURA Healthcare Service/login_page/buttonLogin' is present

2023-06-24 23:11:03 - [MESSAGE][WARNING] - Timeout '0' is invalid. Using default page load timeout: '30'

2023-06-24 23:11:03 - [MESSAGE][PASSED] - Object 'Object Repository/Page_CURA Healthcare Service/login_page/buttonLogin' is present

2023-06-24 23:11:03 - [TEST_STEP][PASSED] - setText(findTestObject("Object Repository/Page_CURA Healthcare Service/login_page/textfieldUsername"), username): Text 'popo' is set on object 'Object Repository/Page_CURA Healthcare Service/login_page/textfieldUsername'

2023-06-24 23:11:04 - [MESSAGE][PASSED] - Text 'popo' is set on object 'Object Repository/Page_CURA Healthcare Service/login_page/textfieldUsername'

2023-06-24 23:11:04 - [TEST_STEP][PASSED] - setEncryptedText(findTestObject("Object Repository/Page_CURA Healthcare Service/login_page/textfieldPassword"), password): Text ****** has been set on object 'Object Repository/Page_CURA Healthcare Service/login_page/textfieldPassword'

2023-06-24 23:11:05 - [MESSAGE][PASSED] - Text ****** has been set on object 'Object Repository/Page_CURA Healthcare Service/login_page/textfieldPassword'

2023-06-24 23:11:05 - [TEST_STEP][PASSED] - click(findTestObject("Object Repository/Page_CURA Healthcare Service/login_page/buttonLogin")): Object: 'Object Repository/Page_CURA Healthcare Service/login_page/buttonLogin' is clicked on

2023-06-24 23:11:06 - [MESSAGE][PASSED] - Object: 'Object Repository/Page_CURA Healthcare Service/login_page/buttonLogin' is clicked on

2023-06-24 23:11:06 - [TEST_STEP][PASSED] - verifyElementText(findTestObject("Object Repository/Page_CURA Healthcare Service/make_appointment_page/labelMakeAppointment"), "Make Appointment"): Actual text and expected text of test object 'Object Repository/Page_CURA Healthcare Service/make_appointment_page/labelMakeAppointment' are matched.

2023-06-24 23:11:06 - [MESSAGE][PASSED] - Actual text and expected text of test object 'Object Repository/Page_CURA Healthcare Service/make_appointment_page/labelMakeAppointment' are matched.

2023-06-24 23:11:06 - [MESSAGE][PASSED] - Call Test Case 'Test Cases/step-login' successfully

2023-06-24 23:11:06 - [TEST_STEP][PASSED] - waitForElementPresent(findTestObject("Page_CURA Healthcare Service/login_page/labelLoginFailed"), 0): Object 'Object Repository/Page_CURA Healthcare Service/login_page/labelLoginFailed' is present

2023-06-24 23:11:06 - [MESSAGE][WARNING] - Timeout '0' is invalid. Using default page load timeout: '30'

2023-06-24 23:11:06 - [MESSAGE][PASSED] - Object 'Object Repository/Page_CURA Healthcare Service/login_page/labelLoginFailed' is present

2023-06-24 23:11:06 - [TEST_STEP][PASSED] - closeBrowser(): Browser is closed

2023-06-24 23:11:06 - [MESSAGE][PASSED] - Browser is closed

2023-06-24 23:11:06 - [TEST_STEP][PASSED] - username = "John Doe": null

2023-06-24 23:11:06 - [TEST_STEP][PASSED] - password = "8SQVv/p9jVScEs4/2CZsLw==": null

2023-06-24 23:11:06 - [TEST_STEP][PASSED] - callTestCase(findTestCase("step-login"), [:], STOP_ON_FAILURE): Call Test Case 'Test Cases/step-login' successfully

2023-06-24 23:11:06 - [TEST_CASE][PASSED] - Test Cases/step-login: Test Cases/step-login

2023-06-24 23:11:06 - [TEST_STEP][PASSED] - openBrowser(""): Browser is opened with url: ''

2023-06-24 23:11:06 - [MESSAGE][INFO] - Starting 'Chrome' driver

2023-06-24 23:11:06 - [MESSAGE][INFO] - Action delay is set to 0 milliseconds

2023-06-24 23:11:07 - [MESSAGE][PASSED] - Browser is opened with url: ''

2023-06-24 23:11:07 - [TEST_STEP][PASSED] - navigateToUrl(URL): Navigate to 'https://katalon-demo-cura.herokuapp.com/' successfully

2023-06-24 23:11:13 - [MESSAGE][PASSED] - Navigate to 'https://katalon-demo-cura.herokuapp.com/' successfully

2023-06-24 23:11:13 - [TEST_STEP][PASSED] - waitForElementPresent(findTestObject("Page_CURA Healthcare Service/home_page/labelCURAHealthcareService"), 0): Object 'Object Repository/Page_CURA Healthcare Service/home_page/labelCURAHealthcareService' is present

2023-06-24 23:11:14 - [MESSAGE][WARNING] - Timeout '0' is invalid. Using default page load timeout: '30'

2023-06-24 23:11:14 - [MESSAGE][PASSED] - Object 'Object Repository/Page_CURA Healthcare Service/home_page/labelCURAHealthcareService' is present

2023-06-24 23:11:14 - [TEST_STEP][PASSED] - waitForElementPresent(findTestObject("Page_CURA Healthcare Service/home_page/labelWeCareAboutYourHealth"), 0): Object 'Object Repository/Page_CURA Healthcare Service/home_page/labelWeCareAboutYourHealth' is present

2023-06-24 23:11:14 - [MESSAGE][WARNING] - Timeout '0' is invalid. Using default page load timeout: '30'

2023-06-24 23:11:14 - [MESSAGE][PASSED] - Object 'Object Repository/Page_CURA Healthcare Service/home_page/labelWeCareAboutYourHealth' is present

2023-06-24 23:11:14 - [TEST_STEP][PASSED] - click(findTestObject("Page_CURA Healthcare Service/home_page/buttonMenuToggle")): Object: 'Object Repository/Page_CURA Healthcare Service/home_page/buttonMenuToggle' is clicked on

2023-06-24 23:11:14 - [MESSAGE][PASSED] - Object: 'Object Repository/Page_CURA Healthcare Service/home_page/buttonMenuToggle' is clicked on

2023-06-24 23:11:14 - [TEST_STEP][PASSED] - click(findTestObject("Page_CURA Healthcare Service/home_page/hyperlinkLogin")): Object: 'Object Repository/Page_CURA Healthcare Service/home_page/hyperlinkLogin' is clicked on

2023-06-24 23:11:16 - [MESSAGE][PASSED] - Object: 'Object Repository/Page_CURA Healthcare Service/home_page/hyperlinkLogin' is clicked on

2023-06-24 23:11:16 - [TEST_STEP][PASSED] - waitForElementPresent(findTestObject("Page_CURA Healthcare Service/login_page/labelLogin"), 0): Object 'Object Repository/Page_CURA Healthcare Service/login_page/labelLogin' is present

2023-06-24 23:11:16 - [MESSAGE][WARNING] - Timeout '0' is invalid. Using default page load timeout: '30'

2023-06-24 23:11:16 - [MESSAGE][PASSED] - Object 'Object Repository/Page_CURA Healthcare Service/login_page/labelLogin' is present

2023-06-24 23:11:16 - [TEST_STEP][PASSED] - verifyElementPresent(findTestObject("Page_CURA Healthcare Service/login_page/labelPleaseLoginToMakeAppointment"), 0): Object 'Object Repository/Page_CURA Healthcare Service/login_page/labelPleaseLoginToMakeAppointment' is present

2023-06-24 23:11:16 - [MESSAGE][WARNING] - Timeout '0' is invalid. Using default page load timeout: '30'

2023-06-24 23:11:16 - [MESSAGE][PASSED] - Object 'Object Repository/Page_CURA Healthcare Service/login_page/labelPleaseLoginToMakeAppointment' is present

2023-06-24 23:11:16 - [TEST_STEP][PASSED] - verifyElementPresent(findTestObject("Page_CURA Healthcare Service/login_page/buttonLogin"), 0): Object 'Object Repository/Page_CURA Healthcare Service/login_page/buttonLogin' is present

2023-06-24 23:11:16 - [MESSAGE][WARNING] - Timeout '0' is invalid. Using default page load timeout: '30'

2023-06-24 23:11:17 - [MESSAGE][PASSED] - Object 'Object Repository/Page_CURA Healthcare Service/login_page/buttonLogin' is present

2023-06-24 23:11:17 - [TEST_STEP][PASSED] - setText(findTestObject("Object Repository/Page_CURA Healthcare Service/login_page/textfieldUsername"), username): Text 'John Doe' is set on object 'Object Repository/Page_CURA Healthcare Service/login_page/textfieldUsername'

2023-06-24 23:11:17 - [MESSAGE][PASSED] - Text 'John Doe' is set on object 'Object Repository/Page_CURA Healthcare Service/login_page/textfieldUsername'

2023-06-24 23:11:17 - [TEST_STEP][PASSED] - setEncryptedText(findTestObject("Object Repository/Page_CURA Healthcare Service/login_page/textfieldPassword"), password): Text ****** has been set on object 'Object Repository/Page_CURA Healthcare Service/login_page/textfieldPassword'

2023-06-24 23:11:18 - [MESSAGE][PASSED] - Text ****** has been set on object 'Object Repository/Page_CURA Healthcare Service/login_page/textfieldPassword'

2023-06-24 23:11:18 - [TEST_STEP][PASSED] - click(findTestObject("Object Repository/Page_CURA Healthcare Service/login_page/buttonLogin")): Object: 'Object Repository/Page_CURA Healthcare Service/login_page/buttonLogin' is clicked on

2023-06-24 23:11:19 - [MESSAGE][PASSED] - Object: 'Object Repository/Page_CURA Healthcare Service/login_page/buttonLogin' is clicked on

2023-06-24 23:11:19 - [TEST_STEP][PASSED] - verifyElementText(findTestObject("Object Repository/Page_CURA Healthcare Service/make_appointment_page/labelMakeAppointment"), "Make Appointment"): Actual text and expected text of test object 'Object Repository/Page_CURA Healthcare Service/make_appointment_page/labelMakeAppointment' are matched.

2023-06-24 23:11:19 - [MESSAGE][PASSED] - Actual text and expected text of test object 'Object Repository/Page_CURA Healthcare Service/make_appointment_page/labelMakeAppointment' are matched.

2023-06-24 23:11:19 - [MESSAGE][PASSED] - Call Test Case 'Test Cases/step-login' successfully

2023-06-24 23:11:19 - [TEST_STEP][PASSED] - waitForElementPresent(findTestObject("Page_CURA Healthcare Service/login_page/labelLoginFailed"), 0): Object 'Object Repository/Page_CURA Healthcare Service/login_page/labelLoginFailed' is present

2023-06-24 23:11:19 - [MESSAGE][WARNING] - Timeout '0' is invalid. Using default page load timeout: '30'

2023-06-24 23:11:20 - [MESSAGE][PASSED] - Object 'Object Repository/Page_CURA Healthcare Service/login_page/labelLoginFailed' is present

2023-06-24 23:11:20 - [TEST_STEP][PASSED] - Finally: Browser is closed

2023-06-24 23:11:20 - [TEST_STEP][PASSED] - closeBrowser(): Browser is closed

2023-06-24 23:11:20 - [MESSAGE][PASSED] - Browser is closed]]></system-out>
         <system-err><![CDATA[]]></system-err>
      </testcase>
      <testcase name="Test Cases/SC-Login-Logout/TC02-logout-success" time="30.988" classname="Test Cases/SC-Login-Logout/TC02-logout-success" status="FAILED">
         <failure type="FAILED" message="Test Cases/SC-Login-Logout/TC02-logout-success FAILED.
Reason:
com.kms.katalon.core.exception.StepFailedException: Unable to click on object 'Object Repository/Page_CURA Healthcare Service/home_page/hyperlinkLogout'
	at com.kms.katalon.core.webui.keyword.internal.WebUIKeywordMain.stepFailed(WebUIKeywordMain.groovy:64)
	at com.kms.katalon.core.webui.keyword.internal.WebUIKeywordMain.runKeyword(WebUIKeywordMain.groovy:26)
	at com.kms.katalon.core.webui.keyword.builtin.ClickKeyword.click(ClickKeyword.groovy:74)
	at com.kms.katalon.core.webui.keyword.builtin.ClickKeyword.execute(ClickKeyword.groovy:40)
	at com.kms.katalon.core.keyword.internal.KeywordExecutor.executeKeywordForPlatform(KeywordExecutor.groovy:74)
	at com.kms.katalon.core.webui.keyword.WebUiBuiltInKeywords.click(WebUiBuiltInKeywords.groovy:620)
	at com.kms.katalon.core.webui.keyword.WebUiBuiltInKeywords$click$2.call(Unknown Source)
	at TC02-logout-success.run(TC02-logout-success:28)
	at com.kms.katalon.core.main.ScriptEngine.run(ScriptEngine.java:194)
	at com.kms.katalon.core.main.ScriptEngine.runScriptAsRawText(ScriptEngine.java:119)
	at com.kms.katalon.core.main.TestCaseExecutor.runScript(TestCaseExecutor.java:448)
	at com.kms.katalon.core.main.TestCaseExecutor.doExecute(TestCaseExecutor.java:439)
	at com.kms.katalon.core.main.TestCaseExecutor.processExecutionPhase(TestCaseExecutor.java:418)
	at com.kms.katalon.core.main.TestCaseExecutor.accessMainPhase(TestCaseExecutor.java:410)
	at com.kms.katalon.core.main.TestCaseExecutor.execute(TestCaseExecutor.java:285)
	at com.kms.katalon.core.common.CommonExecutor.accessTestCaseMainPhase(CommonExecutor.java:65)
	at com.kms.katalon.core.main.TestSuiteExecutor.accessTestSuiteMainPhase(TestSuiteExecutor.java:148)
	at com.kms.katalon.core.main.TestSuiteExecutor.execute(TestSuiteExecutor.java:106)
	at com.kms.katalon.core.main.TestCaseMain.startTestSuite(TestCaseMain.java:187)
	at com.kms.katalon.core.main.TestCaseMain$startTestSuite$0.call(Unknown Source)
	at TempTestSuite1687622977496.run(TempTestSuite1687622977496.groovy:36)
Caused by: org.openqa.selenium.ElementNotInteractableException: element not interactable
  (Session info: chrome=114.0.5735.133)
Build info: version: '3.141.59', revision: 'e82be7d358', time: '2018-11-14T08:25:53'
System info: host: 'Mitas-MacBook-Pro.local', ip: 'fe80:0:0:0:18c8:bb3:9f0a:5782%en0', os.name: 'Mac OS X', os.arch: 'x86_64', os.version: '12.5', java.version: '1.8.0_362'
Driver info: com.kms.katalon.selenium.driver.CChromeDriver
Capabilities {acceptInsecureCerts: false, browserName: chrome, browserVersion: 114.0.5735.133, chrome: {chromedriverVersion: 113.0.5672.24 (65f30d4e8051..., userDataDir: /var/folders/9t/t13v7tn520l...}, goog:chromeOptions: {debuggerAddress: localhost:52659}, javascriptEnabled: true, networkConnectionEnabled: false, pageLoadStrategy: normal, platform: MAC, platformName: MAC, proxy: Proxy(), setWindowRect: true, strictFileInteractability: false, timeouts: {implicit: 0, pageLoad: 300000, script: 30000}, unhandledPromptBehavior: dismiss and notify, webauthn:extension:credBlob: true, webauthn:extension:largeBlob: true, webauthn:extension:minPinLength: true, webauthn:extension:prf: true, webauthn:virtualAuthenticators: true}
Session ID: 5a0f70a13175861f317e73475bb31da8
	at org.openqa.selenium.remote.http.W3CHttpResponseCodec.createException(W3CHttpResponseCodec.java:187)
	at org.openqa.selenium.remote.http.W3CHttpResponseCodec.decode(W3CHttpResponseCodec.java:122)
	at org.openqa.selenium.remote.http.W3CHttpResponseCodec.decode(W3CHttpResponseCodec.java:49)
	at org.openqa.selenium.remote.HttpCommandExecutor.execute(HttpCommandExecutor.java:158)
	at org.openqa.selenium.remote.service.DriverCommandExecutor.execute(DriverCommandExecutor.java:83)
	at org.openqa.selenium.remote.RemoteWebDriver.execute(RemoteWebDriver.java:552)
	at com.kms.katalon.selenium.driver.CChromeDriver.execute(CChromeDriver.java:19)
	at org.openqa.selenium.remote.RemoteWebElement.execute(RemoteWebElement.java:285)
	at org.openqa.selenium.remote.RemoteWebElement.click(RemoteWebElement.java:84)
	at org.openqa.selenium.support.events.EventFiringWebDriver$EventFiringWebElement.lambda$new$0(EventFiringWebDriver.java:404)
	at com.sun.proxy.$Proxy11.click(Unknown Source)
	at org.openqa.selenium.support.events.EventFiringWebDriver$EventFiringWebElement.click(EventFiringWebDriver.java:417)
	at org.openqa.selenium.WebElement$click.call(Unknown Source)
	at com.kms.katalon.core.webui.keyword.builtin.ClickKeyword.clickUntilSuccessWithTimeout(ClickKeyword.groovy:81)
	at com.kms.katalon.core.webui.keyword.builtin.ClickKeyword.clickUntilSuccessWithTimeout(ClickKeyword.groovy)
	at com.kms.katalon.core.webui.keyword.builtin.ClickKeyword$_click_closure1.doCall(ClickKeyword.groovy:67)
	at com.kms.katalon.core.webui.keyword.builtin.ClickKeyword$_click_closure1.call(ClickKeyword.groovy)
	at com.kms.katalon.core.webui.keyword.internal.WebUIKeywordMain.runKeyword(WebUIKeywordMain.groovy:20)
	... 19 more
"/>
         <system-out><![CDATA[2023-06-24 23:11:20 - [TEST_CASE][FAILED] - Test Cases/SC-Login-Logout/TC02-logout-success: Test Cases/SC-Login-Logout/TC02-logout-success FAILED.
Reason:
com.kms.katalon.core.exception.StepFailedException: Unable to click on object 'Object Repository/Page_CURA Healthcare Service/home_page/hyperlinkLogout'
	at com.kms.katalon.core.webui.keyword.internal.WebUIKeywordMain.stepFailed(WebUIKeywordMain.groovy:64)
	at com.kms.katalon.core.webui.keyword.internal.WebUIKeywordMain.runKeyword(WebUIKeywordMain.groovy:26)
	at com.kms.katalon.core.webui.keyword.builtin.ClickKeyword.click(ClickKeyword.groovy:74)
	at com.kms.katalon.core.webui.keyword.builtin.ClickKeyword.execute(ClickKeyword.groovy:40)
	at com.kms.katalon.core.keyword.internal.KeywordExecutor.executeKeywordForPlatform(KeywordExecutor.groovy:74)
	at com.kms.katalon.core.webui.keyword.WebUiBuiltInKeywords.click(WebUiBuiltInKeywords.groovy:620)
	at com.kms.katalon.core.webui.keyword.WebUiBuiltInKeywords$click$2.call(Unknown Source)
	at TC02-logout-success.run(TC02-logout-success:28)
	at com.kms.katalon.core.main.ScriptEngine.run(ScriptEngine.java:194)
	at com.kms.katalon.core.main.ScriptEngine.runScriptAsRawText(ScriptEngine.java:119)
	at com.kms.katalon.core.main.TestCaseExecutor.runScript(TestCaseExecutor.java:448)
	at com.kms.katalon.core.main.TestCaseExecutor.doExecute(TestCaseExecutor.java:439)
	at com.kms.katalon.core.main.TestCaseExecutor.processExecutionPhase(TestCaseExecutor.java:418)
	at com.kms.katalon.core.main.TestCaseExecutor.accessMainPhase(TestCaseExecutor.java:410)
	at com.kms.katalon.core.main.TestCaseExecutor.execute(TestCaseExecutor.java:285)
	at com.kms.katalon.core.common.CommonExecutor.accessTestCaseMainPhase(CommonExecutor.java:65)
	at com.kms.katalon.core.main.TestSuiteExecutor.accessTestSuiteMainPhase(TestSuiteExecutor.java:148)
	at com.kms.katalon.core.main.TestSuiteExecutor.execute(TestSuiteExecutor.java:106)
	at com.kms.katalon.core.main.TestCaseMain.startTestSuite(TestCaseMain.java:187)
	at com.kms.katalon.core.main.TestCaseMain$startTestSuite$0.call(Unknown Source)
	at TempTestSuite1687622977496.run(TempTestSuite1687622977496.groovy:36)
Caused by: org.openqa.selenium.ElementNotInteractableException: element not interactable
  (Session info: chrome=114.0.5735.133)
Build info: version: '3.141.59', revision: 'e82be7d358', time: '2018-11-14T08:25:53'
System info: host: 'Mitas-MacBook-Pro.local', ip: 'fe80:0:0:0:18c8:bb3:9f0a:5782%en0', os.name: 'Mac OS X', os.arch: 'x86_64', os.version: '12.5', java.version: '1.8.0_362'
Driver info: com.kms.katalon.selenium.driver.CChromeDriver
Capabilities {acceptInsecureCerts: false, browserName: chrome, browserVersion: 114.0.5735.133, chrome: {chromedriverVersion: 113.0.5672.24 (65f30d4e8051..., userDataDir: /var/folders/9t/t13v7tn520l...}, goog:chromeOptions: {debuggerAddress: localhost:52659}, javascriptEnabled: true, networkConnectionEnabled: false, pageLoadStrategy: normal, platform: MAC, platformName: MAC, proxy: Proxy(), setWindowRect: true, strictFileInteractability: false, timeouts: {implicit: 0, pageLoad: 300000, script: 30000}, unhandledPromptBehavior: dismiss and notify, webauthn:extension:credBlob: true, webauthn:extension:largeBlob: true, webauthn:extension:minPinLength: true, webauthn:extension:prf: true, webauthn:virtualAuthenticators: true}
Session ID: 5a0f70a13175861f317e73475bb31da8
	at org.openqa.selenium.remote.http.W3CHttpResponseCodec.createException(W3CHttpResponseCodec.java:187)
	at org.openqa.selenium.remote.http.W3CHttpResponseCodec.decode(W3CHttpResponseCodec.java:122)
	at org.openqa.selenium.remote.http.W3CHttpResponseCodec.decode(W3CHttpResponseCodec.java:49)
	at org.openqa.selenium.remote.HttpCommandExecutor.execute(HttpCommandExecutor.java:158)
	at org.openqa.selenium.remote.service.DriverCommandExecutor.execute(DriverCommandExecutor.java:83)
	at org.openqa.selenium.remote.RemoteWebDriver.execute(RemoteWebDriver.java:552)
	at com.kms.katalon.selenium.driver.CChromeDriver.execute(CChromeDriver.java:19)
	at org.openqa.selenium.remote.RemoteWebElement.execute(RemoteWebElement.java:285)
	at org.openqa.selenium.remote.RemoteWebElement.click(RemoteWebElement.java:84)
	at org.openqa.selenium.support.events.EventFiringWebDriver$EventFiringWebElement.lambda$new$0(EventFiringWebDriver.java:404)
	at com.sun.proxy.$Proxy11.click(Unknown Source)
	at org.openqa.selenium.support.events.EventFiringWebDriver$EventFiringWebElement.click(EventFiringWebDriver.java:417)
	at org.openqa.selenium.WebElement$click.call(Unknown Source)
	at com.kms.katalon.core.webui.keyword.builtin.ClickKeyword.clickUntilSuccessWithTimeout(ClickKeyword.groovy:81)
	at com.kms.katalon.core.webui.keyword.builtin.ClickKeyword.clickUntilSuccessWithTimeout(ClickKeyword.groovy)
	at com.kms.katalon.core.webui.keyword.builtin.ClickKeyword$_click_closure1.doCall(ClickKeyword.groovy:67)
	at com.kms.katalon.core.webui.keyword.builtin.ClickKeyword$_click_closure1.call(ClickKeyword.groovy)
	at com.kms.katalon.core.webui.keyword.internal.WebUIKeywordMain.runKeyword(WebUIKeywordMain.groovy:20)
	... 19 more


2023-06-24 23:11:20 - [TEST_STEP][FAILED] - try: Unable to click on object 'Object Repository/Page_CURA Healthcare Service/home_page/hyperlinkLogout' (Root cause: com.kms.katalon.core.exception.StepFailedException: Unable to click on object 'Object Repository/Page_CURA Healthcare Service/home_page/hyperlinkLogout'
	at com.kms.katalon.core.webui.keyword.internal.WebUIKeywordMain.stepFailed(WebUIKeywordMain.groovy:64)
	at com.kms.katalon.core.webui.keyword.internal.WebUIKeywordMain.runKeyword(WebUIKeywordMain.groovy:26)
	at com.kms.katalon.core.webui.keyword.builtin.ClickKeyword.click(ClickKeyword.groovy:74)
	at com.kms.katalon.core.webui.keyword.builtin.ClickKeyword.execute(ClickKeyword.groovy:40)
	at com.kms.katalon.core.keyword.internal.KeywordExecutor.executeKeywordForPlatform(KeywordExecutor.groovy:74)
	at com.kms.katalon.core.webui.keyword.WebUiBuiltInKeywords.click(WebUiBuiltInKeywords.groovy:620)
	at com.kms.katalon.core.webui.keyword.WebUiBuiltInKeywords$click$2.call(Unknown Source)
	at TC02-logout-success.run(TC02-logout-success:28)
	at com.kms.katalon.core.main.ScriptEngine.run(ScriptEngine.java:194)
	at com.kms.katalon.core.main.ScriptEngine.runScriptAsRawText(ScriptEngine.java:119)
	at com.kms.katalon.core.main.TestCaseExecutor.runScript(TestCaseExecutor.java:448)
	at com.kms.katalon.core.main.TestCaseExecutor.doExecute(TestCaseExecutor.java:439)
	at com.kms.katalon.core.main.TestCaseExecutor.processExecutionPhase(TestCaseExecutor.java:418)
	at com.kms.katalon.core.main.TestCaseExecutor.accessMainPhase(TestCaseExecutor.java:410)
	at com.kms.katalon.core.main.TestCaseExecutor.execute(TestCaseExecutor.java:285)
	at com.kms.katalon.core.common.CommonExecutor.accessTestCaseMainPhase(CommonExecutor.java:65)
	at com.kms.katalon.core.main.TestSuiteExecutor.accessTestSuiteMainPhase(TestSuiteExecutor.java:148)
	at com.kms.katalon.core.main.TestSuiteExecutor.execute(TestSuiteExecutor.java:106)
	at com.kms.katalon.core.main.TestCaseMain.startTestSuite(TestCaseMain.java:187)
	at com.kms.katalon.core.main.TestCaseMain$startTestSuite$0.call(Unknown Source)
	at TempTestSuite1687622977496.run(TempTestSuite1687622977496.groovy:36)
Caused by: org.openqa.selenium.ElementNotInteractableException: element not interactable
  (Session info: chrome=114.0.5735.133)
Build info: version: '3.141.59', revision: 'e82be7d358', time: '2018-11-14T08:25:53'
System info: host: 'Mitas-MacBook-Pro.local', ip: 'fe80:0:0:0:18c8:bb3:9f0a:5782%en0', os.name: 'Mac OS X', os.arch: 'x86_64', os.version: '12.5', java.version: '1.8.0_362'
Driver info: com.kms.katalon.selenium.driver.CChromeDriver
Capabilities {acceptInsecureCerts: false, browserName: chrome, browserVersion: 114.0.5735.133, chrome: {chromedriverVersion: 113.0.5672.24 (65f30d4e8051..., userDataDir: /var/folders/9t/t13v7tn520l...}, goog:chromeOptions: {debuggerAddress: localhost:52659}, javascriptEnabled: true, networkConnectionEnabled: false, pageLoadStrategy: normal, platform: MAC, platformName: MAC, proxy: Proxy(), setWindowRect: true, strictFileInteractability: false, timeouts: {implicit: 0, pageLoad: 300000, script: 30000}, unhandledPromptBehavior: dismiss and notify, webauthn:extension:credBlob: true, webauthn:extension:largeBlob: true, webauthn:extension:minPinLength: true, webauthn:extension:prf: true, webauthn:virtualAuthenticators: true}
Session ID: 5a0f70a13175861f317e73475bb31da8
	at org.openqa.selenium.remote.http.W3CHttpResponseCodec.createException(W3CHttpResponseCodec.java:187)
	at org.openqa.selenium.remote.http.W3CHttpResponseCodec.decode(W3CHttpResponseCodec.java:122)
	at org.openqa.selenium.remote.http.W3CHttpResponseCodec.decode(W3CHttpResponseCodec.java:49)
	at org.openqa.selenium.remote.HttpCommandExecutor.execute(HttpCommandExecutor.java:158)
	at org.openqa.selenium.remote.service.DriverCommandExecutor.execute(DriverCommandExecutor.java:83)
	at org.openqa.selenium.remote.RemoteWebDriver.execute(RemoteWebDriver.java:552)
	at com.kms.katalon.selenium.driver.CChromeDriver.execute(CChromeDriver.java:19)
	at org.openqa.selenium.remote.RemoteWebElement.execute(RemoteWebElement.java:285)
	at org.openqa.selenium.remote.RemoteWebElement.click(RemoteWebElement.java:84)
	at org.openqa.selenium.support.events.EventFiringWebDriver$EventFiringWebElement.lambda$new$0(EventFiringWebDriver.java:404)
	at com.sun.proxy.$Proxy11.click(Unknown Source)
	at org.openqa.selenium.support.events.EventFiringWebDriver$EventFiringWebElement.click(EventFiringWebDriver.java:417)
	at org.openqa.selenium.WebElement$click.call(Unknown Source)
	at com.kms.katalon.core.webui.keyword.builtin.ClickKeyword.clickUntilSuccessWithTimeout(ClickKeyword.groovy:81)
	at com.kms.katalon.core.webui.keyword.builtin.ClickKeyword.clickUntilSuccessWithTimeout(ClickKeyword.groovy)
	at com.kms.katalon.core.webui.keyword.builtin.ClickKeyword$_click_closure1.doCall(ClickKeyword.groovy:67)
	at com.kms.katalon.core.webui.keyword.builtin.ClickKeyword$_click_closure1.call(ClickKeyword.groovy)
	at com.kms.katalon.core.webui.keyword.internal.WebUIKeywordMain.runKeyword(WebUIKeywordMain.groovy:20)
	at com.kms.katalon.core.webui.keyword.builtin.ClickKeyword.click(ClickKeyword.groovy:74)
	at com.kms.katalon.core.webui.keyword.builtin.ClickKeyword.execute(ClickKeyword.groovy:40)
	at com.kms.katalon.core.keyword.internal.KeywordExecutor.executeKeywordForPlatform(KeywordExecutor.groovy:74)
	at com.kms.katalon.core.webui.keyword.WebUiBuiltInKeywords.click(WebUiBuiltInKeywords.groovy:620)
	at com.kms.katalon.core.webui.keyword.WebUiBuiltInKeywords$click$2.call(Unknown Source)
	at Script1687611076115.run(Script1687611076115.groovy:28)
	... 13 more
)

2023-06-24 23:11:20 - [TEST_STEP][PASSED] - callTestCase(findTestCase("step-login"), [:], STOP_ON_FAILURE): Call Test Case 'Test Cases/step-login' successfully

2023-06-24 23:11:20 - [TEST_CASE][PASSED] - Test Cases/step-login: Test Cases/step-login

2023-06-24 23:11:20 - [TEST_STEP][PASSED] - openBrowser(""): Browser is opened with url: ''

2023-06-24 23:11:20 - [MESSAGE][INFO] - Starting 'Chrome' driver

2023-06-24 23:11:20 - [MESSAGE][INFO] - Action delay is set to 0 milliseconds

2023-06-24 23:11:21 - [MESSAGE][PASSED] - Browser is opened with url: ''

2023-06-24 23:11:21 - [TEST_STEP][PASSED] - navigateToUrl(URL): Navigate to 'https://katalon-demo-cura.herokuapp.com/' successfully

2023-06-24 23:11:27 - [MESSAGE][PASSED] - Navigate to 'https://katalon-demo-cura.herokuapp.com/' successfully

2023-06-24 23:11:27 - [TEST_STEP][PASSED] - waitForElementPresent(findTestObject("Page_CURA Healthcare Service/home_page/labelCURAHealthcareService"), 0): Object 'Object Repository/Page_CURA Healthcare Service/home_page/labelCURAHealthcareService' is present

2023-06-24 23:11:27 - [MESSAGE][WARNING] - Timeout '0' is invalid. Using default page load timeout: '30'

2023-06-24 23:11:27 - [MESSAGE][PASSED] - Object 'Object Repository/Page_CURA Healthcare Service/home_page/labelCURAHealthcareService' is present

2023-06-24 23:11:27 - [TEST_STEP][PASSED] - waitForElementPresent(findTestObject("Page_CURA Healthcare Service/home_page/labelWeCareAboutYourHealth"), 0): Object 'Object Repository/Page_CURA Healthcare Service/home_page/labelWeCareAboutYourHealth' is present

2023-06-24 23:11:27 - [MESSAGE][WARNING] - Timeout '0' is invalid. Using default page load timeout: '30'

2023-06-24 23:11:27 - [MESSAGE][PASSED] - Object 'Object Repository/Page_CURA Healthcare Service/home_page/labelWeCareAboutYourHealth' is present

2023-06-24 23:11:27 - [TEST_STEP][PASSED] - click(findTestObject("Page_CURA Healthcare Service/home_page/buttonMenuToggle")): Object: 'Object Repository/Page_CURA Healthcare Service/home_page/buttonMenuToggle' is clicked on

2023-06-24 23:11:27 - [MESSAGE][PASSED] - Object: 'Object Repository/Page_CURA Healthcare Service/home_page/buttonMenuToggle' is clicked on

2023-06-24 23:11:27 - [TEST_STEP][PASSED] - click(findTestObject("Page_CURA Healthcare Service/home_page/hyperlinkLogin")): Object: 'Object Repository/Page_CURA Healthcare Service/home_page/hyperlinkLogin' is clicked on

2023-06-24 23:11:28 - [MESSAGE][PASSED] - Object: 'Object Repository/Page_CURA Healthcare Service/home_page/hyperlinkLogin' is clicked on

2023-06-24 23:11:28 - [TEST_STEP][PASSED] - waitForElementPresent(findTestObject("Page_CURA Healthcare Service/login_page/labelLogin"), 0): Object 'Object Repository/Page_CURA Healthcare Service/login_page/labelLogin' is present

2023-06-24 23:11:28 - [MESSAGE][WARNING] - Timeout '0' is invalid. Using default page load timeout: '30'

2023-06-24 23:11:29 - [MESSAGE][PASSED] - Object 'Object Repository/Page_CURA Healthcare Service/login_page/labelLogin' is present

2023-06-24 23:11:29 - [TEST_STEP][PASSED] - verifyElementPresent(findTestObject("Page_CURA Healthcare Service/login_page/labelPleaseLoginToMakeAppointment"), 0): Object 'Object Repository/Page_CURA Healthcare Service/login_page/labelPleaseLoginToMakeAppointment' is present

2023-06-24 23:11:29 - [MESSAGE][WARNING] - Timeout '0' is invalid. Using default page load timeout: '30'

2023-06-24 23:11:29 - [MESSAGE][PASSED] - Object 'Object Repository/Page_CURA Healthcare Service/login_page/labelPleaseLoginToMakeAppointment' is present

2023-06-24 23:11:29 - [TEST_STEP][PASSED] - verifyElementPresent(findTestObject("Page_CURA Healthcare Service/login_page/buttonLogin"), 0): Object 'Object Repository/Page_CURA Healthcare Service/login_page/buttonLogin' is present

2023-06-24 23:11:29 - [MESSAGE][WARNING] - Timeout '0' is invalid. Using default page load timeout: '30'

2023-06-24 23:11:29 - [MESSAGE][PASSED] - Object 'Object Repository/Page_CURA Healthcare Service/login_page/buttonLogin' is present

2023-06-24 23:11:29 - [TEST_STEP][PASSED] - setText(findTestObject("Object Repository/Page_CURA Healthcare Service/login_page/textfieldUsername"), username): Text 'John Doe' is set on object 'Object Repository/Page_CURA Healthcare Service/login_page/textfieldUsername'

2023-06-24 23:11:30 - [MESSAGE][PASSED] - Text 'John Doe' is set on object 'Object Repository/Page_CURA Healthcare Service/login_page/textfieldUsername'

2023-06-24 23:11:30 - [TEST_STEP][PASSED] - setEncryptedText(findTestObject("Object Repository/Page_CURA Healthcare Service/login_page/textfieldPassword"), password): Text ****** has been set on object 'Object Repository/Page_CURA Healthcare Service/login_page/textfieldPassword'

2023-06-24 23:11:30 - [MESSAGE][PASSED] - Text ****** has been set on object 'Object Repository/Page_CURA Healthcare Service/login_page/textfieldPassword'

2023-06-24 23:11:30 - [TEST_STEP][PASSED] - click(findTestObject("Object Repository/Page_CURA Healthcare Service/login_page/buttonLogin")): Object: 'Object Repository/Page_CURA Healthcare Service/login_page/buttonLogin' is clicked on

2023-06-24 23:11:31 - [MESSAGE][PASSED] - Object: 'Object Repository/Page_CURA Healthcare Service/login_page/buttonLogin' is clicked on

2023-06-24 23:11:31 - [TEST_STEP][PASSED] - verifyElementText(findTestObject("Object Repository/Page_CURA Healthcare Service/make_appointment_page/labelMakeAppointment"), "Make Appointment"): Actual text and expected text of test object 'Object Repository/Page_CURA Healthcare Service/make_appointment_page/labelMakeAppointment' are matched.

2023-06-24 23:11:32 - [MESSAGE][PASSED] - Actual text and expected text of test object 'Object Repository/Page_CURA Healthcare Service/make_appointment_page/labelMakeAppointment' are matched.

2023-06-24 23:11:32 - [MESSAGE][PASSED] - Call Test Case 'Test Cases/step-login' successfully

2023-06-24 23:11:32 - [TEST_STEP][PASSED] - verifyElementText(findTestObject("Object Repository/Page_CURA Healthcare Service/make_appointment_page/labelMakeAppointment"), "Make Appointment"): Actual text and expected text of test object 'Object Repository/Page_CURA Healthcare Service/make_appointment_page/labelMakeAppointment' are matched.

2023-06-24 23:11:32 - [MESSAGE][PASSED] - Actual text and expected text of test object 'Object Repository/Page_CURA Healthcare Service/make_appointment_page/labelMakeAppointment' are matched.

2023-06-24 23:11:32 - [TEST_STEP][PASSED] - click(findTestObject("Page_CURA Healthcare Service/home_page/buttonMenuToggle")): Object: 'Object Repository/Page_CURA Healthcare Service/home_page/buttonMenuToggle' is clicked on

2023-06-24 23:11:32 - [MESSAGE][PASSED] - Object: 'Object Repository/Page_CURA Healthcare Service/home_page/buttonMenuToggle' is clicked on

2023-06-24 23:11:32 - [TEST_STEP][FAILED] - click(findTestObject("Page_CURA Healthcare Service/home_page/hyperlinkLogout")): Unable to click on object 'Object Repository/Page_CURA Healthcare Service/home_page/hyperlinkLogout' (Root cause: com.kms.katalon.core.exception.StepFailedException: Unable to click on object 'Object Repository/Page_CURA Healthcare Service/home_page/hyperlinkLogout'
	at com.kms.katalon.core.webui.keyword.internal.WebUIKeywordMain.stepFailed(WebUIKeywordMain.groovy:64)
	at com.kms.katalon.core.webui.keyword.internal.WebUIKeywordMain.runKeyword(WebUIKeywordMain.groovy:26)
	at com.kms.katalon.core.webui.keyword.builtin.ClickKeyword.click(ClickKeyword.groovy:74)
	at com.kms.katalon.core.webui.keyword.builtin.ClickKeyword.execute(ClickKeyword.groovy:40)
	at com.kms.katalon.core.keyword.internal.KeywordExecutor.executeKeywordForPlatform(KeywordExecutor.groovy:74)
	at com.kms.katalon.core.webui.keyword.WebUiBuiltInKeywords.click(WebUiBuiltInKeywords.groovy:620)
	at com.kms.katalon.core.webui.keyword.WebUiBuiltInKeywords$click$2.call(Unknown Source)
	at TC02-logout-success.run(TC02-logout-success:28)
	at com.kms.katalon.core.main.ScriptEngine.run(ScriptEngine.java:194)
	at com.kms.katalon.core.main.ScriptEngine.runScriptAsRawText(ScriptEngine.java:119)
	at com.kms.katalon.core.main.TestCaseExecutor.runScript(TestCaseExecutor.java:448)
	at com.kms.katalon.core.main.TestCaseExecutor.doExecute(TestCaseExecutor.java:439)
	at com.kms.katalon.core.main.TestCaseExecutor.processExecutionPhase(TestCaseExecutor.java:418)
	at com.kms.katalon.core.main.TestCaseExecutor.accessMainPhase(TestCaseExecutor.java:410)
	at com.kms.katalon.core.main.TestCaseExecutor.execute(TestCaseExecutor.java:285)
	at com.kms.katalon.core.common.CommonExecutor.accessTestCaseMainPhase(CommonExecutor.java:65)
	at com.kms.katalon.core.main.TestSuiteExecutor.accessTestSuiteMainPhase(TestSuiteExecutor.java:148)
	at com.kms.katalon.core.main.TestSuiteExecutor.execute(TestSuiteExecutor.java:106)
	at com.kms.katalon.core.main.TestCaseMain.startTestSuite(TestCaseMain.java:187)
	at com.kms.katalon.core.main.TestCaseMain$startTestSuite$0.call(Unknown Source)
	at TempTestSuite1687622977496.run(TempTestSuite1687622977496.groovy:36)
Caused by: org.openqa.selenium.ElementNotInteractableException: element not interactable
  (Session info: chrome=114.0.5735.133)
Build info: version: '3.141.59', revision: 'e82be7d358', time: '2018-11-14T08:25:53'
System info: host: 'Mitas-MacBook-Pro.local', ip: 'fe80:0:0:0:18c8:bb3:9f0a:5782%en0', os.name: 'Mac OS X', os.arch: 'x86_64', os.version: '12.5', java.version: '1.8.0_362'
Driver info: com.kms.katalon.selenium.driver.CChromeDriver
Capabilities {acceptInsecureCerts: false, browserName: chrome, browserVersion: 114.0.5735.133, chrome: {chromedriverVersion: 113.0.5672.24 (65f30d4e8051..., userDataDir: /var/folders/9t/t13v7tn520l...}, goog:chromeOptions: {debuggerAddress: localhost:52659}, javascriptEnabled: true, networkConnectionEnabled: false, pageLoadStrategy: normal, platform: MAC, platformName: MAC, proxy: Proxy(), setWindowRect: true, strictFileInteractability: false, timeouts: {implicit: 0, pageLoad: 300000, script: 30000}, unhandledPromptBehavior: dismiss and notify, webauthn:extension:credBlob: true, webauthn:extension:largeBlob: true, webauthn:extension:minPinLength: true, webauthn:extension:prf: true, webauthn:virtualAuthenticators: true}
Session ID: 5a0f70a13175861f317e73475bb31da8
	at org.openqa.selenium.remote.http.W3CHttpResponseCodec.createException(W3CHttpResponseCodec.java:187)
	at org.openqa.selenium.remote.http.W3CHttpResponseCodec.decode(W3CHttpResponseCodec.java:122)
	at org.openqa.selenium.remote.http.W3CHttpResponseCodec.decode(W3CHttpResponseCodec.java:49)
	at org.openqa.selenium.remote.HttpCommandExecutor.execute(HttpCommandExecutor.java:158)
	at org.openqa.selenium.remote.service.DriverCommandExecutor.execute(DriverCommandExecutor.java:83)
	at org.openqa.selenium.remote.RemoteWebDriver.execute(RemoteWebDriver.java:552)
	at com.kms.katalon.selenium.driver.CChromeDriver.execute(CChromeDriver.java:19)
	at org.openqa.selenium.remote.RemoteWebElement.execute(RemoteWebElement.java:285)
	at org.openqa.selenium.remote.RemoteWebElement.click(RemoteWebElement.java:84)
	at org.openqa.selenium.support.events.EventFiringWebDriver$EventFiringWebElement.lambda$new$0(EventFiringWebDriver.java:404)
	at com.sun.proxy.$Proxy11.click(Unknown Source)
	at org.openqa.selenium.support.events.EventFiringWebDriver$EventFiringWebElement.click(EventFiringWebDriver.java:417)
	at org.openqa.selenium.WebElement$click.call(Unknown Source)
	at com.kms.katalon.core.webui.keyword.builtin.ClickKeyword.clickUntilSuccessWithTimeout(ClickKeyword.groovy:81)
	at com.kms.katalon.core.webui.keyword.builtin.ClickKeyword.clickUntilSuccessWithTimeout(ClickKeyword.groovy)
	at com.kms.katalon.core.webui.keyword.builtin.ClickKeyword$_click_closure1.doCall(ClickKeyword.groovy:67)
	at com.kms.katalon.core.webui.keyword.builtin.ClickKeyword$_click_closure1.call(ClickKeyword.groovy)
	at com.kms.katalon.core.webui.keyword.internal.WebUIKeywordMain.runKeyword(WebUIKeywordMain.groovy:20)
	at com.kms.katalon.core.webui.keyword.builtin.ClickKeyword.click(ClickKeyword.groovy:74)
	at com.kms.katalon.core.webui.keyword.builtin.ClickKeyword.execute(ClickKeyword.groovy:40)
	at com.kms.katalon.core.keyword.internal.KeywordExecutor.executeKeywordForPlatform(KeywordExecutor.groovy:74)
	at com.kms.katalon.core.webui.keyword.WebUiBuiltInKeywords.click(WebUiBuiltInKeywords.groovy:620)
	at com.kms.katalon.core.webui.keyword.WebUiBuiltInKeywords$click$2.call(Unknown Source)
	at Script1687611076115.run(Script1687611076115.groovy:28)
	... 13 more
)

2023-06-24 23:11:51 - [MESSAGE][FAILED] - Unable to click on object 'Object Repository/Page_CURA Healthcare Service/home_page/hyperlinkLogout' (Root cause: com.kms.katalon.core.exception.StepFailedException: Unable to click on object 'Object Repository/Page_CURA Healthcare Service/home_page/hyperlinkLogout'
	at com.kms.katalon.core.webui.keyword.internal.WebUIKeywordMain.stepFailed(WebUIKeywordMain.groovy:64)
	at com.kms.katalon.core.webui.keyword.internal.WebUIKeywordMain.runKeyword(WebUIKeywordMain.groovy:26)
	at com.kms.katalon.core.webui.keyword.builtin.ClickKeyword.click(ClickKeyword.groovy:74)
	at com.kms.katalon.core.webui.keyword.builtin.ClickKeyword.execute(ClickKeyword.groovy:40)
	at com.kms.katalon.core.keyword.internal.KeywordExecutor.executeKeywordForPlatform(KeywordExecutor.groovy:74)
	at com.kms.katalon.core.webui.keyword.WebUiBuiltInKeywords.click(WebUiBuiltInKeywords.groovy:620)
	at com.kms.katalon.core.webui.keyword.WebUiBuiltInKeywords$click$2.call(Unknown Source)
	at TC02-logout-success.run(TC02-logout-success:28)
	at com.kms.katalon.core.main.ScriptEngine.run(ScriptEngine.java:194)
	at com.kms.katalon.core.main.ScriptEngine.runScriptAsRawText(ScriptEngine.java:119)
	at com.kms.katalon.core.main.TestCaseExecutor.runScript(TestCaseExecutor.java:448)
	at com.kms.katalon.core.main.TestCaseExecutor.doExecute(TestCaseExecutor.java:439)
	at com.kms.katalon.core.main.TestCaseExecutor.processExecutionPhase(TestCaseExecutor.java:418)
	at com.kms.katalon.core.main.TestCaseExecutor.accessMainPhase(TestCaseExecutor.java:410)
	at com.kms.katalon.core.main.TestCaseExecutor.execute(TestCaseExecutor.java:285)
	at com.kms.katalon.core.common.CommonExecutor.accessTestCaseMainPhase(CommonExecutor.java:65)
	at com.kms.katalon.core.main.TestSuiteExecutor.accessTestSuiteMainPhase(TestSuiteExecutor.java:148)
	at com.kms.katalon.core.main.TestSuiteExecutor.execute(TestSuiteExecutor.java:106)
	at com.kms.katalon.core.main.TestCaseMain.startTestSuite(TestCaseMain.java:187)
	at com.kms.katalon.core.main.TestCaseMain$startTestSuite$0.call(Unknown Source)
	at TempTestSuite1687622977496.run(TempTestSuite1687622977496.groovy:36)
Caused by: org.openqa.selenium.ElementNotInteractableException: element not interactable
  (Session info: chrome=114.0.5735.133)
Build info: version: '3.141.59', revision: 'e82be7d358', time: '2018-11-14T08:25:53'
System info: host: 'Mitas-MacBook-Pro.local', ip: 'fe80:0:0:0:18c8:bb3:9f0a:5782%en0', os.name: 'Mac OS X', os.arch: 'x86_64', os.version: '12.5', java.version: '1.8.0_362'
Driver info: com.kms.katalon.selenium.driver.CChromeDriver
Capabilities {acceptInsecureCerts: false, browserName: chrome, browserVersion: 114.0.5735.133, chrome: {chromedriverVersion: 113.0.5672.24 (65f30d4e8051..., userDataDir: /var/folders/9t/t13v7tn520l...}, goog:chromeOptions: {debuggerAddress: localhost:52659}, javascriptEnabled: true, networkConnectionEnabled: false, pageLoadStrategy: normal, platform: MAC, platformName: MAC, proxy: Proxy(), setWindowRect: true, strictFileInteractability: false, timeouts: {implicit: 0, pageLoad: 300000, script: 30000}, unhandledPromptBehavior: dismiss and notify, webauthn:extension:credBlob: true, webauthn:extension:largeBlob: true, webauthn:extension:minPinLength: true, webauthn:extension:prf: true, webauthn:virtualAuthenticators: true}
Session ID: 5a0f70a13175861f317e73475bb31da8
	at org.openqa.selenium.remote.http.W3CHttpResponseCodec.createException(W3CHttpResponseCodec.java:187)
	at org.openqa.selenium.remote.http.W3CHttpResponseCodec.decode(W3CHttpResponseCodec.java:122)
	at org.openqa.selenium.remote.http.W3CHttpResponseCodec.decode(W3CHttpResponseCodec.java:49)
	at org.openqa.selenium.remote.HttpCommandExecutor.execute(HttpCommandExecutor.java:158)
	at org.openqa.selenium.remote.service.DriverCommandExecutor.execute(DriverCommandExecutor.java:83)
	at org.openqa.selenium.remote.RemoteWebDriver.execute(RemoteWebDriver.java:552)
	at com.kms.katalon.selenium.driver.CChromeDriver.execute(CChromeDriver.java:19)
	at org.openqa.selenium.remote.RemoteWebElement.execute(RemoteWebElement.java:285)
	at org.openqa.selenium.remote.RemoteWebElement.click(RemoteWebElement.java:84)
	at org.openqa.selenium.support.events.EventFiringWebDriver$EventFiringWebElement.lambda$new$0(EventFiringWebDriver.java:404)
	at com.sun.proxy.$Proxy11.click(Unknown Source)
	at org.openqa.selenium.support.events.EventFiringWebDriver$EventFiringWebElement.click(EventFiringWebDriver.java:417)
	at org.openqa.selenium.WebElement$click.call(Unknown Source)
	at com.kms.katalon.core.webui.keyword.builtin.ClickKeyword.clickUntilSuccessWithTimeout(ClickKeyword.groovy:81)
	at com.kms.katalon.core.webui.keyword.builtin.ClickKeyword.clickUntilSuccessWithTimeout(ClickKeyword.groovy)
	at com.kms.katalon.core.webui.keyword.builtin.ClickKeyword$_click_closure1.doCall(ClickKeyword.groovy:67)
	at com.kms.katalon.core.webui.keyword.builtin.ClickKeyword$_click_closure1.call(ClickKeyword.groovy)
	at com.kms.katalon.core.webui.keyword.internal.WebUIKeywordMain.runKeyword(WebUIKeywordMain.groovy:20)
	at com.kms.katalon.core.webui.keyword.builtin.ClickKeyword.click(ClickKeyword.groovy:74)
	at com.kms.katalon.core.webui.keyword.builtin.ClickKeyword.execute(ClickKeyword.groovy:40)
	at com.kms.katalon.core.keyword.internal.KeywordExecutor.executeKeywordForPlatform(KeywordExecutor.groovy:74)
	at com.kms.katalon.core.webui.keyword.WebUiBuiltInKeywords.click(WebUiBuiltInKeywords.groovy:620)
	at com.kms.katalon.core.webui.keyword.WebUiBuiltInKeywords$click$2.call(Unknown Source)
	at Script1687611076115.run(Script1687611076115.groovy:28)
	... 13 more
)
[[ATTACHMENT|/Users/mitapitriaheni/git/test-msbu/Reports/20230624_230936/TS-Login/20230624_230937/1687623109444.png]]

2023-06-24 23:11:51 - [TEST_STEP][PASSED] - Finally: Browser is closed

2023-06-24 23:11:51 - [TEST_STEP][PASSED] - closeBrowser(): Browser is closed

2023-06-24 23:11:51 - [MESSAGE][PASSED] - Browser is closed]]></system-out>
         <system-err><![CDATA[2023-06-24 23:11:20 - [TEST_CASE][FAILED] - Test Cases/SC-Login-Logout/TC02-logout-success: Test Cases/SC-Login-Logout/TC02-logout-success FAILED.
Reason:
com.kms.katalon.core.exception.StepFailedException: Unable to click on object 'Object Repository/Page_CURA Healthcare Service/home_page/hyperlinkLogout'
	at com.kms.katalon.core.webui.keyword.internal.WebUIKeywordMain.stepFailed(WebUIKeywordMain.groovy:64)
	at com.kms.katalon.core.webui.keyword.internal.WebUIKeywordMain.runKeyword(WebUIKeywordMain.groovy:26)
	at com.kms.katalon.core.webui.keyword.builtin.ClickKeyword.click(ClickKeyword.groovy:74)
	at com.kms.katalon.core.webui.keyword.builtin.ClickKeyword.execute(ClickKeyword.groovy:40)
	at com.kms.katalon.core.keyword.internal.KeywordExecutor.executeKeywordForPlatform(KeywordExecutor.groovy:74)
	at com.kms.katalon.core.webui.keyword.WebUiBuiltInKeywords.click(WebUiBuiltInKeywords.groovy:620)
	at com.kms.katalon.core.webui.keyword.WebUiBuiltInKeywords$click$2.call(Unknown Source)
	at TC02-logout-success.run(TC02-logout-success:28)
	at com.kms.katalon.core.main.ScriptEngine.run(ScriptEngine.java:194)
	at com.kms.katalon.core.main.ScriptEngine.runScriptAsRawText(ScriptEngine.java:119)
	at com.kms.katalon.core.main.TestCaseExecutor.runScript(TestCaseExecutor.java:448)
	at com.kms.katalon.core.main.TestCaseExecutor.doExecute(TestCaseExecutor.java:439)
	at com.kms.katalon.core.main.TestCaseExecutor.processExecutionPhase(TestCaseExecutor.java:418)
	at com.kms.katalon.core.main.TestCaseExecutor.accessMainPhase(TestCaseExecutor.java:410)
	at com.kms.katalon.core.main.TestCaseExecutor.execute(TestCaseExecutor.java:285)
	at com.kms.katalon.core.common.CommonExecutor.accessTestCaseMainPhase(CommonExecutor.java:65)
	at com.kms.katalon.core.main.TestSuiteExecutor.accessTestSuiteMainPhase(TestSuiteExecutor.java:148)
	at com.kms.katalon.core.main.TestSuiteExecutor.execute(TestSuiteExecutor.java:106)
	at com.kms.katalon.core.main.TestCaseMain.startTestSuite(TestCaseMain.java:187)
	at com.kms.katalon.core.main.TestCaseMain$startTestSuite$0.call(Unknown Source)
	at TempTestSuite1687622977496.run(TempTestSuite1687622977496.groovy:36)
Caused by: org.openqa.selenium.ElementNotInteractableException: element not interactable
  (Session info: chrome=114.0.5735.133)
Build info: version: '3.141.59', revision: 'e82be7d358', time: '2018-11-14T08:25:53'
System info: host: 'Mitas-MacBook-Pro.local', ip: 'fe80:0:0:0:18c8:bb3:9f0a:5782%en0', os.name: 'Mac OS X', os.arch: 'x86_64', os.version: '12.5', java.version: '1.8.0_362'
Driver info: com.kms.katalon.selenium.driver.CChromeDriver
Capabilities {acceptInsecureCerts: false, browserName: chrome, browserVersion: 114.0.5735.133, chrome: {chromedriverVersion: 113.0.5672.24 (65f30d4e8051..., userDataDir: /var/folders/9t/t13v7tn520l...}, goog:chromeOptions: {debuggerAddress: localhost:52659}, javascriptEnabled: true, networkConnectionEnabled: false, pageLoadStrategy: normal, platform: MAC, platformName: MAC, proxy: Proxy(), setWindowRect: true, strictFileInteractability: false, timeouts: {implicit: 0, pageLoad: 300000, script: 30000}, unhandledPromptBehavior: dismiss and notify, webauthn:extension:credBlob: true, webauthn:extension:largeBlob: true, webauthn:extension:minPinLength: true, webauthn:extension:prf: true, webauthn:virtualAuthenticators: true}
Session ID: 5a0f70a13175861f317e73475bb31da8
	at org.openqa.selenium.remote.http.W3CHttpResponseCodec.createException(W3CHttpResponseCodec.java:187)
	at org.openqa.selenium.remote.http.W3CHttpResponseCodec.decode(W3CHttpResponseCodec.java:122)
	at org.openqa.selenium.remote.http.W3CHttpResponseCodec.decode(W3CHttpResponseCodec.java:49)
	at org.openqa.selenium.remote.HttpCommandExecutor.execute(HttpCommandExecutor.java:158)
	at org.openqa.selenium.remote.service.DriverCommandExecutor.execute(DriverCommandExecutor.java:83)
	at org.openqa.selenium.remote.RemoteWebDriver.execute(RemoteWebDriver.java:552)
	at com.kms.katalon.selenium.driver.CChromeDriver.execute(CChromeDriver.java:19)
	at org.openqa.selenium.remote.RemoteWebElement.execute(RemoteWebElement.java:285)
	at org.openqa.selenium.remote.RemoteWebElement.click(RemoteWebElement.java:84)
	at org.openqa.selenium.support.events.EventFiringWebDriver$EventFiringWebElement.lambda$new$0(EventFiringWebDriver.java:404)
	at com.sun.proxy.$Proxy11.click(Unknown Source)
	at org.openqa.selenium.support.events.EventFiringWebDriver$EventFiringWebElement.click(EventFiringWebDriver.java:417)
	at org.openqa.selenium.WebElement$click.call(Unknown Source)
	at com.kms.katalon.core.webui.keyword.builtin.ClickKeyword.clickUntilSuccessWithTimeout(ClickKeyword.groovy:81)
	at com.kms.katalon.core.webui.keyword.builtin.ClickKeyword.clickUntilSuccessWithTimeout(ClickKeyword.groovy)
	at com.kms.katalon.core.webui.keyword.builtin.ClickKeyword$_click_closure1.doCall(ClickKeyword.groovy:67)
	at com.kms.katalon.core.webui.keyword.builtin.ClickKeyword$_click_closure1.call(ClickKeyword.groovy)
	at com.kms.katalon.core.webui.keyword.internal.WebUIKeywordMain.runKeyword(WebUIKeywordMain.groovy:20)
	... 19 more]]></system-err>
      </testcase>
      <system-out><![CDATA[2023-06-24 23:09:51 - [TEST_SUITE][FAILED] - TS-Login: Test Cases/SC-Login-Logout/TC02-logout-success FAILED.
Reason:
com.kms.katalon.core.exception.StepFailedException: Unable to click on object 'Object Repository/Page_CURA Healthcare Service/home_page/hyperlinkLogout'
	at com.kms.katalon.core.webui.keyword.internal.WebUIKeywordMain.stepFailed(WebUIKeywordMain.groovy:64)
	at com.kms.katalon.core.webui.keyword.internal.WebUIKeywordMain.runKeyword(WebUIKeywordMain.groovy:26)
	at com.kms.katalon.core.webui.keyword.builtin.ClickKeyword.click(ClickKeyword.groovy:74)
	at com.kms.katalon.core.webui.keyword.builtin.ClickKeyword.execute(ClickKeyword.groovy:40)
	at com.kms.katalon.core.keyword.internal.KeywordExecutor.executeKeywordForPlatform(KeywordExecutor.groovy:74)
	at com.kms.katalon.core.webui.keyword.WebUiBuiltInKeywords.click(WebUiBuiltInKeywords.groovy:620)
	at com.kms.katalon.core.webui.keyword.WebUiBuiltInKeywords$click$2.call(Unknown Source)
	at TC02-logout-success.run(TC02-logout-success:28)
	at com.kms.katalon.core.main.ScriptEngine.run(ScriptEngine.java:194)
	at com.kms.katalon.core.main.ScriptEngine.runScriptAsRawText(ScriptEngine.java:119)
	at com.kms.katalon.core.main.TestCaseExecutor.runScript(TestCaseExecutor.java:448)
	at com.kms.katalon.core.main.TestCaseExecutor.doExecute(TestCaseExecutor.java:439)
	at com.kms.katalon.core.main.TestCaseExecutor.processExecutionPhase(TestCaseExecutor.java:418)
	at com.kms.katalon.core.main.TestCaseExecutor.accessMainPhase(TestCaseExecutor.java:410)
	at com.kms.katalon.core.main.TestCaseExecutor.execute(TestCaseExecutor.java:285)
	at com.kms.katalon.core.common.CommonExecutor.accessTestCaseMainPhase(CommonExecutor.java:65)
	at com.kms.katalon.core.main.TestSuiteExecutor.accessTestSuiteMainPhase(TestSuiteExecutor.java:148)
	at com.kms.katalon.core.main.TestSuiteExecutor.execute(TestSuiteExecutor.java:106)
	at com.kms.katalon.core.main.TestCaseMain.startTestSuite(TestCaseMain.java:187)
	at com.kms.katalon.core.main.TestCaseMain$startTestSuite$0.call(Unknown Source)
	at TempTestSuite1687622977496.run(TempTestSuite1687622977496.groovy:36)
Caused by: org.openqa.selenium.ElementNotInteractableException: element not interactable
  (Session info: chrome=114.0.5735.133)
Build info: version: '3.141.59', revision: 'e82be7d358', time: '2018-11-14T08:25:53'
System info: host: 'Mitas-MacBook-Pro.local', ip: 'fe80:0:0:0:18c8:bb3:9f0a:5782%en0', os.name: 'Mac OS X', os.arch: 'x86_64', os.version: '12.5', java.version: '1.8.0_362'
Driver info: com.kms.katalon.selenium.driver.CChromeDriver
Capabilities {acceptInsecureCerts: false, browserName: chrome, browserVersion: 114.0.5735.133, chrome: {chromedriverVersion: 113.0.5672.24 (65f30d4e8051..., userDataDir: /var/folders/9t/t13v7tn520l...}, goog:chromeOptions: {debuggerAddress: localhost:52659}, javascriptEnabled: true, networkConnectionEnabled: false, pageLoadStrategy: normal, platform: MAC, platformName: MAC, proxy: Proxy(), setWindowRect: true, strictFileInteractability: false, timeouts: {implicit: 0, pageLoad: 300000, script: 30000}, unhandledPromptBehavior: dismiss and notify, webauthn:extension:credBlob: true, webauthn:extension:largeBlob: true, webauthn:extension:minPinLength: true, webauthn:extension:prf: true, webauthn:virtualAuthenticators: true}
Session ID: 5a0f70a13175861f317e73475bb31da8
	at org.openqa.selenium.remote.http.W3CHttpResponseCodec.createException(W3CHttpResponseCodec.java:187)
	at org.openqa.selenium.remote.http.W3CHttpResponseCodec.decode(W3CHttpResponseCodec.java:122)
	at org.openqa.selenium.remote.http.W3CHttpResponseCodec.decode(W3CHttpResponseCodec.java:49)
	at org.openqa.selenium.remote.HttpCommandExecutor.execute(HttpCommandExecutor.java:158)
	at org.openqa.selenium.remote.service.DriverCommandExecutor.execute(DriverCommandExecutor.java:83)
	at org.openqa.selenium.remote.RemoteWebDriver.execute(RemoteWebDriver.java:552)
	at com.kms.katalon.selenium.driver.CChromeDriver.execute(CChromeDriver.java:19)
	at org.openqa.selenium.remote.RemoteWebElement.execute(RemoteWebElement.java:285)
	at org.openqa.selenium.remote.RemoteWebElement.click(RemoteWebElement.java:84)
	at org.openqa.selenium.support.events.EventFiringWebDriver$EventFiringWebElement.lambda$new$0(EventFiringWebDriver.java:404)
	at com.sun.proxy.$Proxy11.click(Unknown Source)
	at org.openqa.selenium.support.events.EventFiringWebDriver$EventFiringWebElement.click(EventFiringWebDriver.java:417)
	at org.openqa.selenium.WebElement$click.call(Unknown Source)
	at com.kms.katalon.core.webui.keyword.builtin.ClickKeyword.clickUntilSuccessWithTimeout(ClickKeyword.groovy:81)
	at com.kms.katalon.core.webui.keyword.builtin.ClickKeyword.clickUntilSuccessWithTimeout(ClickKeyword.groovy)
	at com.kms.katalon.core.webui.keyword.builtin.ClickKeyword$_click_closure1.doCall(ClickKeyword.groovy:67)
	at com.kms.katalon.core.webui.keyword.builtin.ClickKeyword$_click_closure1.call(ClickKeyword.groovy)
	at com.kms.katalon.core.webui.keyword.internal.WebUIKeywordMain.runKeyword(WebUIKeywordMain.groovy:20)
	... 19 more]]></system-out>
      <system-err><![CDATA[2023-06-24 23:09:51 - [TEST_SUITE][FAILED] - TS-Login: Test Cases/SC-Login-Logout/TC02-logout-success FAILED.
Reason:
com.kms.katalon.core.exception.StepFailedException: Unable to click on object 'Object Repository/Page_CURA Healthcare Service/home_page/hyperlinkLogout'
	at com.kms.katalon.core.webui.keyword.internal.WebUIKeywordMain.stepFailed(WebUIKeywordMain.groovy:64)
	at com.kms.katalon.core.webui.keyword.internal.WebUIKeywordMain.runKeyword(WebUIKeywordMain.groovy:26)
	at com.kms.katalon.core.webui.keyword.builtin.ClickKeyword.click(ClickKeyword.groovy:74)
	at com.kms.katalon.core.webui.keyword.builtin.ClickKeyword.execute(ClickKeyword.groovy:40)
	at com.kms.katalon.core.keyword.internal.KeywordExecutor.executeKeywordForPlatform(KeywordExecutor.groovy:74)
	at com.kms.katalon.core.webui.keyword.WebUiBuiltInKeywords.click(WebUiBuiltInKeywords.groovy:620)
	at com.kms.katalon.core.webui.keyword.WebUiBuiltInKeywords$click$2.call(Unknown Source)
	at TC02-logout-success.run(TC02-logout-success:28)
	at com.kms.katalon.core.main.ScriptEngine.run(ScriptEngine.java:194)
	at com.kms.katalon.core.main.ScriptEngine.runScriptAsRawText(ScriptEngine.java:119)
	at com.kms.katalon.core.main.TestCaseExecutor.runScript(TestCaseExecutor.java:448)
	at com.kms.katalon.core.main.TestCaseExecutor.doExecute(TestCaseExecutor.java:439)
	at com.kms.katalon.core.main.TestCaseExecutor.processExecutionPhase(TestCaseExecutor.java:418)
	at com.kms.katalon.core.main.TestCaseExecutor.accessMainPhase(TestCaseExecutor.java:410)
	at com.kms.katalon.core.main.TestCaseExecutor.execute(TestCaseExecutor.java:285)
	at com.kms.katalon.core.common.CommonExecutor.accessTestCaseMainPhase(CommonExecutor.java:65)
	at com.kms.katalon.core.main.TestSuiteExecutor.accessTestSuiteMainPhase(TestSuiteExecutor.java:148)
	at com.kms.katalon.core.main.TestSuiteExecutor.execute(TestSuiteExecutor.java:106)
	at com.kms.katalon.core.main.TestCaseMain.startTestSuite(TestCaseMain.java:187)
	at com.kms.katalon.core.main.TestCaseMain$startTestSuite$0.call(Unknown Source)
	at TempTestSuite1687622977496.run(TempTestSuite1687622977496.groovy:36)
Caused by: org.openqa.selenium.ElementNotInteractableException: element not interactable
  (Session info: chrome=114.0.5735.133)
Build info: version: '3.141.59', revision: 'e82be7d358', time: '2018-11-14T08:25:53'
System info: host: 'Mitas-MacBook-Pro.local', ip: 'fe80:0:0:0:18c8:bb3:9f0a:5782%en0', os.name: 'Mac OS X', os.arch: 'x86_64', os.version: '12.5', java.version: '1.8.0_362'
Driver info: com.kms.katalon.selenium.driver.CChromeDriver
Capabilities {acceptInsecureCerts: false, browserName: chrome, browserVersion: 114.0.5735.133, chrome: {chromedriverVersion: 113.0.5672.24 (65f30d4e8051..., userDataDir: /var/folders/9t/t13v7tn520l...}, goog:chromeOptions: {debuggerAddress: localhost:52659}, javascriptEnabled: true, networkConnectionEnabled: false, pageLoadStrategy: normal, platform: MAC, platformName: MAC, proxy: Proxy(), setWindowRect: true, strictFileInteractability: false, timeouts: {implicit: 0, pageLoad: 300000, script: 30000}, unhandledPromptBehavior: dismiss and notify, webauthn:extension:credBlob: true, webauthn:extension:largeBlob: true, webauthn:extension:minPinLength: true, webauthn:extension:prf: true, webauthn:virtualAuthenticators: true}
Session ID: 5a0f70a13175861f317e73475bb31da8
	at org.openqa.selenium.remote.http.W3CHttpResponseCodec.createException(W3CHttpResponseCodec.java:187)
	at org.openqa.selenium.remote.http.W3CHttpResponseCodec.decode(W3CHttpResponseCodec.java:122)
	at org.openqa.selenium.remote.http.W3CHttpResponseCodec.decode(W3CHttpResponseCodec.java:49)
	at org.openqa.selenium.remote.HttpCommandExecutor.execute(HttpCommandExecutor.java:158)
	at org.openqa.selenium.remote.service.DriverCommandExecutor.execute(DriverCommandExecutor.java:83)
	at org.openqa.selenium.remote.RemoteWebDriver.execute(RemoteWebDriver.java:552)
	at com.kms.katalon.selenium.driver.CChromeDriver.execute(CChromeDriver.java:19)
	at org.openqa.selenium.remote.RemoteWebElement.execute(RemoteWebElement.java:285)
	at org.openqa.selenium.remote.RemoteWebElement.click(RemoteWebElement.java:84)
	at org.openqa.selenium.support.events.EventFiringWebDriver$EventFiringWebElement.lambda$new$0(EventFiringWebDriver.java:404)
	at com.sun.proxy.$Proxy11.click(Unknown Source)
	at org.openqa.selenium.support.events.EventFiringWebDriver$EventFiringWebElement.click(EventFiringWebDriver.java:417)
	at org.openqa.selenium.WebElement$click.call(Unknown Source)
	at com.kms.katalon.core.webui.keyword.builtin.ClickKeyword.clickUntilSuccessWithTimeout(ClickKeyword.groovy:81)
	at com.kms.katalon.core.webui.keyword.builtin.ClickKeyword.clickUntilSuccessWithTimeout(ClickKeyword.groovy)
	at com.kms.katalon.core.webui.keyword.builtin.ClickKeyword$_click_closure1.doCall(ClickKeyword.groovy:67)
	at com.kms.katalon.core.webui.keyword.builtin.ClickKeyword$_click_closure1.call(ClickKeyword.groovy)
	at com.kms.katalon.core.webui.keyword.internal.WebUIKeywordMain.runKeyword(WebUIKeywordMain.groovy:20)
	... 19 more]]></system-err>
   </testsuite>
</testsuites>
